Added Component: Designator=R49(R 0603_L)
Add component (AddParameter): Name = "BOMร๛ณฦ"; Value = "ฬ๙ฦฌต็ื่"; VariantName = "[No Variations]"
Add component (AddParameter): Name = "ังฯฐืสิด"; Value = "www.ooocke.com"; VariantName = "[No Variations]"
Add component (AddParameter): Name = "ฐๆศจน้ส๔"; Value = "ิดดดฟอ"; VariantName = "[No Variations]"
Added Component: Designator=R50(R 0603_L)
Add component (AddParameter): Name = "BOMร๛ณฦ"; Value = "ฬ๙ฦฌต็ื่"; VariantName = "[No Variations]"
Add component (AddParameter): Name = "ังฯฐืสิด"; Value = "www.ooocke.com"; VariantName = "[No Variations]"
Add component (AddParameter): Name = "ฐๆศจน้ส๔"; Value = "ิดดดฟอ"; VariantName = "[No Variations]"
Added Component: Designator=R51(R 0603_L)
Add component (AddParameter): Name = "BOMร๛ณฦ"; Value = "ฬ๙ฦฌต็ื่"; VariantName = "[No Variations]"
Add component (AddParameter): Name = "ังฯฐืสิด"; Value = "www.ooocke.com"; VariantName = "[No Variations]"
Add component (AddParameter): Name = "ฐๆศจน้ส๔"; Value = "ิดดดฟอ"; VariantName = "[No Variations]"
Added Pin To Net: NetName=NetR49_1 Pin=R49-1
Added Pin To Net: NetName=NetR49_1 Pin=U7-55
Added Net: Name=NetR49_1
Added Pin To Net: NetName=NetR50_1 Pin=R50-1
Added Pin To Net: NetName=NetR50_1 Pin=U7-51
Added Net: Name=NetR50_1
Added Pin To Net: NetName=NetR51_1 Pin=R51-1
Added Pin To Net: NetName=NetR51_1 Pin=U7-53
Added Net: Name=NetR51_1
Added Member To Class: ClassName=MCU Member=Component R49
Added Member To Class: ClassName=MCU Member=Component R50
Added Member To Class: ClassName=MCU Member=Component R51
