Added Component: Designator=C?(C 0603_L)
Add component (AddParameter): Name = "BOM名称"; Value = "无极性贴片电容"; VariantName = "[No Variations]"
Add component (AddParameter): Name = "学习资源"; Value = "www.ooocke.com"; VariantName = "[No Variations]"
Add component (AddParameter): Name = "版权归属"; Value = "源创客"; VariantName = "[No Variations]"
Added Component: Designator=C?(C 0603_L)
Add component (AddParameter): Name = "BOM名称"; Value = "无极性贴片电容"; VariantName = "[No Variations]"
Add component (AddParameter): Name = "学习资源"; Value = "www.ooocke.com"; VariantName = "[No Variations]"
Add component (AddParameter): Name = "版权归属"; Value = "源创客"; VariantName = "[No Variations]"
Added Component: Designator=C?(C 0603_L)
Add component (AddParameter): Name = "BOM名称"; Value = "无极性贴片电容"; VariantName = "[No Variations]"
Add component (AddParameter): Name = "学习资源"; Value = "www.ooocke.com"; VariantName = "[No Variations]"
Add component (AddParameter): Name = "版权归属"; Value = "源创客"; VariantName = "[No Variations]"
Added Component: Designator=J?(MX 1.25-LS-3P)
Add component (AddParameter): Name = "LatestRevisionDate"; Value = "17-Jul-2002"; VariantName = "[No Variations]"
Add component (AddParameter): Name = "LatestRevisionNote"; Value = "Re-released for DXP Platform."; VariantName = "[No Variations]"
Add component (AddParameter): Name = "PackageReference"; Value = "AXIAL-0.6"; VariantName = "[No Variations]"
Add component (AddParameter): Name = "Published"; Value = "8-Jun-2000"; VariantName = "[No Variations]"
Add component (AddParameter): Name = "Publisher"; Value = "Altium Limited"; VariantName = "[No Variations]"
Add component (AddParameter): Name = "Set Position"; Value = "0.5"; VariantName = "[No Variations]"
Added Component: Designator=J?(MX 1.25-LS-3P)
Add component (AddParameter): Name = "LatestRevisionDate"; Value = "17-Jul-2002"; VariantName = "[No Variations]"
Add component (AddParameter): Name = "LatestRevisionNote"; Value = "Re-released for DXP Platform."; VariantName = "[No Variations]"
Add component (AddParameter): Name = "PackageReference"; Value = "AXIAL-0.6"; VariantName = "[No Variations]"
Add component (AddParameter): Name = "Published"; Value = "8-Jun-2000"; VariantName = "[No Variations]"
Add component (AddParameter): Name = "Publisher"; Value = "Altium Limited"; VariantName = "[No Variations]"
Add component (AddParameter): Name = "Set Position"; Value = "0.5"; VariantName = "[No Variations]"
Added Component: Designator=J?(MX 1.25-LS-3P)
Add component (AddParameter): Name = "LatestRevisionDate"; Value = "17-Jul-2002"; VariantName = "[No Variations]"
Add component (AddParameter): Name = "LatestRevisionNote"; Value = "Re-released for DXP Platform."; VariantName = "[No Variations]"
Add component (AddParameter): Name = "PackageReference"; Value = "AXIAL-0.6"; VariantName = "[No Variations]"
Add component (AddParameter): Name = "Published"; Value = "8-Jun-2000"; VariantName = "[No Variations]"
Add component (AddParameter): Name = "Publisher"; Value = "Altium Limited"; VariantName = "[No Variations]"
Add component (AddParameter): Name = "Set Position"; Value = "0.5"; VariantName = "[No Variations]"
Added Component: Designator=J?(M3x5+6_L)
Added Component: Designator=R?(R 0603_L)
Add component (AddParameter): Name = "BOM名称"; Value = "贴片电阻"; VariantName = "[No Variations]"
Add component (AddParameter): Name = "学习资源"; Value = "www.ooocke.com"; VariantName = "[No Variations]"
Add component (AddParameter): Name = "版权归属"; Value = "源创客"; VariantName = "[No Variations]"
Added Component: Designator=R?(R 0603_L)
Add component (AddParameter): Name = "BOM名称"; Value = "贴片电阻"; VariantName = "[No Variations]"
Add component (AddParameter): Name = "学习资源"; Value = "www.ooocke.com"; VariantName = "[No Variations]"
Add component (AddParameter): Name = "版权归属"; Value = "源创客"; VariantName = "[No Variations]"
Added Component: Designator=R?(R 0603_L)
Add component (AddParameter): Name = "BOM名称"; Value = "贴片电阻"; VariantName = "[No Variations]"
Add component (AddParameter): Name = "学习资源"; Value = "www.ooocke.com"; VariantName = "[No Variations]"
Add component (AddParameter): Name = "版权归属"; Value = "源创客"; VariantName = "[No Variations]"
Added Component: Designator=R?(R 0603_L)
Add component (AddParameter): Name = "BOM名称"; Value = "贴片电阻"; VariantName = "[No Variations]"
Add component (AddParameter): Name = "学习资源"; Value = "www.ooocke.com"; VariantName = "[No Variations]"
Add component (AddParameter): Name = "版权归属"; Value = "源创客"; VariantName = "[No Variations]"
Added Component: Designator=R?(R 0603_L)
Add component (AddParameter): Name = "BOM名称"; Value = "贴片电阻"; VariantName = "[No Variations]"
Add component (AddParameter): Name = "学习资源"; Value = "www.ooocke.com"; VariantName = "[No Variations]"
Add component (AddParameter): Name = "版权归属"; Value = "源创客"; VariantName = "[No Variations]"
Added Pin To Net: NetName=GND Pin=C?-1
Added Pin To Net: NetName=GND Pin=C?-1
Added Pin To Net: NetName=GND Pin=C?-1
Added Pin To Net: NetName=3v3 Pin=C?-2
Added Pin To Net: NetName=3v3 Pin=C?-2
Added Pin To Net: NetName=3v3 Pin=C?-2
Added Pin To Net: NetName=GND Pin=J?-1
Added Pin To Net: NetName=GND Pin=J?-1
Added Pin To Net: NetName=GND Pin=J?-1
Added Pin To Net: NetName=3v3 Pin=J?-3
Added Pin To Net: NetName=3v3 Pin=J?-3
Added Pin To Net: NetName=3v3 Pin=J?-3
Added Pin To Net: NetName=IN1 Pin=R?-1
Added Pin To Net: NetName=IN2 Pin=R?-1
Added Pin To Net: NetName=CH1 Pin=R?-2
Added Pin To Net: NetName=CH1 Pin=R?-2
Added Pin To Net: NetName=CH1 Pin=R?-2
Change Net Name : Old Net Name=IN1 New Net Name=NetR?_1
Change Net Name : Old Net Name=IN2 New Net Name=NetR?_1
Added Pin To Net: NetName=IN1 Pin=R?-2
Added Net: Name=IN1
Added Pin To Net: NetName=IN2 Pin=R?-2
Added Net: Name=IN2
Add Net: Net with name "NetC?_2" already exists
Add Net: Net with name "NetJ?_2" already exists
Add Net: Net with name "NetJ?_2" already exists
Add Net: Net with name "NetJ?_2" already exists
Add Net: Net with name "NetR?_1" already exists
Add Net: Net with name "NetR?_1" already exists
Add Net: Net with name "NetR?_1" already exists
Added Member To Class: ClassName=INPUT Member=Component C? 100nF
Added Member To Class: ClassName=INPUT Member=Component C? 100nF
Added Member To Class: ClassName=INPUT Member=Component C? 100nF
Added Member To Class: ClassName=MCU Member=Component C? 22pF
Added Member To Class: ClassName=MCU Member=Component C? 100nF
Added Member To Class: ClassName=MCU Member=Component C? 100nF
Added Member To Class: ClassName=MCU Member=Component C? 4.7uF
Added Member To Class: ClassName=MCU Member=Component C? 22pF
Added Member To Class: ClassName=MCU Member=Component C? 100nF
Added Member To Class: ClassName=MCU Member=Component C? 100nF
Added Member To Class: ClassName=INPUT Member=Component J? TJC3-3Y
Added Member To Class: ClassName=INPUT Member=Component J? TJC3-3Y
Added Member To Class: ClassName=INPUT Member=Component J? TJC3-3Y
Added Member To Class: ClassName=INPUT Member=Component J? CON1
Added Member To Class: ClassName=MCU Member=Component JP? HDR-1X4
Added Member To Class: ClassName=INPUT Member=Component R?
Added Member To Class: ClassName=INPUT Member=Component R?
Added Member To Class: ClassName=INPUT Member=Component R?
Added Member To Class: ClassName=INPUT Member=Component R?
Added Member To Class: ClassName=INPUT Member=Component R?
Added Member To Class: ClassName=MCU Member=Component R? 47R
Added Member To Class: ClassName=MCU Member=Component R? NC
Added Member To Class: ClassName=MCU Member=Component R? 10K
Added Member To Class: ClassName=MCU Member=Component R? 10K
Added Member To Class: ClassName=MCU Member=Component R? 47R
Added Member To Class: ClassName=INPUT Member=Component SW? 6x6x5
Added Member To Class: ClassName=INPUT Member=Component SW? 6x6x5
Added Member To Class: ClassName=INPUT Member=Component SW? 6x6x5
Added Member To Class: ClassName=INPUT Member=Component SW? 6x6x5
Added Member To Class: ClassName=INPUT Member=Component SW? 6x6x5
Added Member To Class: ClassName=INPUT Member=Component SW? 6x6x5
Added Member To Class: ClassName=INPUT Member=Component SW? 6x6x5
