Added Component: Designator=SW?(TSW SMD-6*6*5-L)
Add component (AddParameter): Name = "BOM츰냔"; Value = "季튬6x6햐뇰역밑"; VariantName = "[No Variations]"
Add component (AddParameter): Name = "欺構栗都"; Value = "www.ooocke.com"; VariantName = "[No Variations]"
Add component (AddParameter): Name = "경홈백橄"; Value = "都눼와"; VariantName = "[No Variations]"
Added Component: Designator=SW?(TSW SMD-6*6*5-L)
Add component (AddParameter): Name = "BOM츰냔"; Value = "季튬6x6햐뇰역밑"; VariantName = "[No Variations]"
Add component (AddParameter): Name = "欺構栗都"; Value = "www.ooocke.com"; VariantName = "[No Variations]"
Add component (AddParameter): Name = "경홈백橄"; Value = "都눼와"; VariantName = "[No Variations]"
Added Component: Designator=SW?(TSW SMD-6*6*5-L)
Add component (AddParameter): Name = "BOM츰냔"; Value = "季튬6x6햐뇰역밑"; VariantName = "[No Variations]"
Add component (AddParameter): Name = "欺構栗都"; Value = "www.ooocke.com"; VariantName = "[No Variations]"
Add component (AddParameter): Name = "경홈백橄"; Value = "都눼와"; VariantName = "[No Variations]"
Added Pin To Net: NetName=NetR?_1 Pin=SW?-1
Added Pin To Net: NetName=NetR?_1 Pin=SW?-1
Added Pin To Net: NetName=NetR?_1 Pin=SW?-1
Added Pin To Net: NetName=KEY1 Pin=SW?-2
Added Pin To Net: NetName=KEY2 Pin=SW?-2
Added Pin To Net: NetName=KEY3 Pin=SW?-2
Added Pin To Net: NetName=KEY1 Pin=SW?-3
Added Pin To Net: NetName=KEY2 Pin=SW?-3
Added Pin To Net: NetName=KEY3 Pin=SW?-3
Added Pin To Net: NetName=NetR?_1 Pin=SW?-4
Added Pin To Net: NetName=NetR?_1 Pin=SW?-4
Added Pin To Net: NetName=NetR?_1 Pin=SW?-4
Add Net: Net with name "NetC?_2" already exists
Add Net: Net with name "NetJ?_2" already exists
Add Net: Net with name "NetJ?_2" already exists
Add Net: Net with name "NetJ?_2" already exists
Add Net: Net with name "NetR?_1" already exists
Add Net: Net with name "NetR?_1" already exists
Add Net: Net with name "NetR?_1" already exists
Added Member To Class: ClassName=INPUT Member=Component C? 100nF
Added Member To Class: ClassName=INPUT Member=Component C? 100nF
Added Member To Class: ClassName=INPUT Member=Component C? 100nF
Added Member To Class: ClassName=MCU Member=Component C? 100nF
Added Member To Class: ClassName=MCU Member=Component C? 100nF
Added Member To Class: ClassName=MCU Member=Component C? 100nF
Added Member To Class: ClassName=MCU Member=Component C? 22pF
Added Member To Class: ClassName=MCU Member=Component C? 4.7uF
Added Member To Class: ClassName=MCU Member=Component C? 100nF
Added Member To Class: ClassName=MCU Member=Component C? 22pF
Added Member To Class: ClassName=INPUT Member=Component J? TJC3-3Y
Added Member To Class: ClassName=INPUT Member=Component J? TJC3-3Y
Added Member To Class: ClassName=INPUT Member=Component J? CON1
Added Member To Class: ClassName=INPUT Member=Component J? CON1
Added Member To Class: ClassName=INPUT Member=Component J? TJC3-3Y
Added Member To Class: ClassName=INPUT Member=Component J? CON1
Added Member To Class: ClassName=INPUT Member=Component J? TJC3-3Y
Added Member To Class: ClassName=INPUT Member=Component J? CON1
Added Member To Class: ClassName=INPUT Member=Component J? CON1
Added Member To Class: ClassName=INPUT Member=Component J? CON1
Added Member To Class: ClassName=MCU Member=Component JP? HDR-1X4
Added Member To Class: ClassName=INPUT Member=Component R?
Added Member To Class: ClassName=INPUT Member=Component R?
Added Member To Class: ClassName=INPUT Member=Component R?
Added Member To Class: ClassName=INPUT Member=Component R?
Added Member To Class: ClassName=INPUT Member=Component R?
Added Member To Class: ClassName=MCU Member=Component R? 10K
Added Member To Class: ClassName=MCU Member=Component R? 10K
Added Member To Class: ClassName=MCU Member=Component R? 10K
Added Member To Class: ClassName=MCU Member=Component R? 47R
Added Member To Class: ClassName=MCU Member=Component R? NC
Added Member To Class: ClassName=INPUT Member=Component SW? 6x6x5
Added Member To Class: ClassName=INPUT Member=Component SW? 6x6x5
Added Member To Class: ClassName=INPUT Member=Component SW? 6x6x5
Added Member To Class: ClassName=INPUT Member=Component SW? 6x6x5
Added Member To Class: ClassName=INPUT Member=Component SW? 6x6x5
Added Member To Class: ClassName=INPUT Member=Component SW? 6x6x5
Added Member To Class: ClassName=INPUT Member=Component SW? 6x6x5
Added Member To Class: ClassName=INPUT Member=Component SW? 6x6x5
