Removed Pin From Net: NetName=12V_ADC Pin=U8-14
Removed Pin From Net: NetName=TX2 Pin=U8-16
Removed Pin From Net: NetName=RX2 Pin=U8-17
Removed Pin From Net: NetName=TX1 Pin=U8-42
Removed Pin From Net: NetName=RX1 Pin=U8-43
Removed Member From Class: ClassName=MCU Member=R?
Change Component Designator: OldDesignator=C30 NewDesignator=C17
Change Component Designator: OldDesignator=C31 NewDesignator=C18
Change Component Designator: OldDesignator=C32 NewDesignator=C19
Change Component Designator: OldDesignator=C33 NewDesignator=C20
Change Component Designator: OldDesignator=C34 NewDesignator=C21
Change Component Designator: OldDesignator=C35 NewDesignator=C22
Change Component Designator: OldDesignator=C36 NewDesignator=C23
Change Component Designator: OldDesignator=C37 NewDesignator=C24
Change Component Designator: OldDesignator=C38 NewDesignator=C25
Change Component Designator: OldDesignator=C39 NewDesignator=C26
Change Component Designator: OldDesignator=C40 NewDesignator=C27
Change Component Designator: OldDesignator=C41 NewDesignator=C28
Change Component Designator: OldDesignator=C42 NewDesignator=C29
Change Component Designator: OldDesignator=C? NewDesignator=C14
Change Component Designator: OldDesignator=C? NewDesignator=C15
Change Component Designator: OldDesignator=C? NewDesignator=C16
Change Component Designator: OldDesignator=R17 NewDesignator=R18
Change Component Designator: OldDesignator=R20 NewDesignator=R22
Change Component Designator: OldDesignator=R21 NewDesignator=R23
Change Component Designator: OldDesignator=R22 NewDesignator=R24
Change Component Designator: OldDesignator=R23 NewDesignator=R25
Change Component Designator: OldDesignator=R24 NewDesignator=R26
Change Component Designator: OldDesignator=R25 NewDesignator=R27
Change Component Designator: OldDesignator=R26 NewDesignator=R31
Change Component Designator: OldDesignator=R27 NewDesignator=R32
Change Component Designator: OldDesignator=R28 NewDesignator=R33
Change Component Designator: OldDesignator=R29 NewDesignator=R34
Change Component Designator: OldDesignator=R32 NewDesignator=R40
Change Component Designator: OldDesignator=R33 NewDesignator=R41
Change Component Designator: OldDesignator=R34 NewDesignator=R42
Change Component Designator: OldDesignator=R35 NewDesignator=R43
Change Component Designator: OldDesignator=R36 NewDesignator=R44
Change Component Designator: OldDesignator=R37 NewDesignator=R45
Change Component Designator: OldDesignator=R38 NewDesignator=R46
Change Component Designator: OldDesignator=R? NewDesignator=R17
Change Component Designator: OldDesignator=R? NewDesignator=R19
Change Component Designator: OldDesignator=R? NewDesignator=R20
Change Component Designator: OldDesignator=R? NewDesignator=R21
Change Component Designator: OldDesignator=R? NewDesignator=R28
Change Component Designator: OldDesignator=R? NewDesignator=R36
Change Component Designator: OldDesignator=U7 NewDesignator=U6
Change Component Designator: OldDesignator=U8 NewDesignator=U7
Change Component Designator: OldDesignator=U? NewDesignator=U4
Change Component Designator: OldDesignator=X2 NewDesignator=X1
Add Component: Footprint Not Found SMA-KE-LI
Added Component: Designator=R29(R 0603_L)
Add component (AddParameter): Name = "BOMУћГЦ"; Value = "ЬљЦЌЕчзш"; VariantName = "[No Variations]"
Add component (AddParameter): Name = "бЇЯАзЪдД"; Value = "www.ooocke.com"; VariantName = "[No Variations]"
Add component (AddParameter): Name = "АцШЈЙщЪє"; Value = "дДДДПЭ"; VariantName = "[No Variations]"
Added Component: Designator=R30(R 0603_L)
Add component (AddParameter): Name = "BOMУћГЦ"; Value = "ЬљЦЌЕчзш"; VariantName = "[No Variations]"
Add component (AddParameter): Name = "бЇЯАзЪдД"; Value = "www.ooocke.com"; VariantName = "[No Variations]"
Add component (AddParameter): Name = "АцШЈЙщЪє"; Value = "дДДДПЭ"; VariantName = "[No Variations]"
Added Component: Designator=R35(R 0603_L)
Add component (AddParameter): Name = "BOMУћГЦ"; Value = "ЬљЦЌЕчзш"; VariantName = "[No Variations]"
Add component (AddParameter): Name = "бЇЯАзЪдД"; Value = "www.ooocke.com"; VariantName = "[No Variations]"
Add component (AddParameter): Name = "АцШЈЙщЪє"; Value = "дДДДПЭ"; VariantName = "[No Variations]"
Added Component: Designator=R37(R 0603_L)
Add component (AddParameter): Name = "BOMУћГЦ"; Value = "ЬљЦЌЕчзш"; VariantName = "[No Variations]"
Add component (AddParameter): Name = "бЇЯАзЪдД"; Value = "www.ooocke.com"; VariantName = "[No Variations]"
Add component (AddParameter): Name = "АцШЈЙщЪє"; Value = "дДДДПЭ"; VariantName = "[No Variations]"
Added Component: Designator=R38(R 0603_L)
Add component (AddParameter): Name = "BOMУћГЦ"; Value = "ЬљЦЌЕчзш"; VariantName = "[No Variations]"
Add component (AddParameter): Name = "бЇЯАзЪдД"; Value = "www.ooocke.com"; VariantName = "[No Variations]"
Add component (AddParameter): Name = "АцШЈЙщЪє"; Value = "дДДДПЭ"; VariantName = "[No Variations]"
Added Component: Designator=R39(R 0603_L)
Add component (AddParameter): Name = "BOMУћГЦ"; Value = "ЬљЦЌЕчзш"; VariantName = "[No Variations]"
Add component (AddParameter): Name = "бЇЯАзЪдД"; Value = "www.ooocke.com"; VariantName = "[No Variations]"
Add component (AddParameter): Name = "АцШЈЙщЪє"; Value = "дДДДПЭ"; VariantName = "[No Variations]"
Add Component: Footprint Not Found USB-C-SMD_G-SWITCH_GT-USB-7010ASV
Add Pin To Net: Unknown Pin: Pin J5-1
Add Pin To Net: Unknown Pin: Pin J5-2
Add Pin To Net: Unknown Pin: Pin J5-3
Add Pin To Net: Unknown Pin: Pin J5-4
Add Pin To Net: Unknown Pin: Pin JP1-2
Add Pin To Net: Unknown Pin: Pin JP1-3
Added Pin To Net: NetName=TX2 Pin=R29-2
Added Pin To Net: NetName=RX2 Pin=R30-2
Added Pin To Net: NetName=TX1 Pin=R35-2
Added Pin To Net: NetName=RX1 Pin=R37-2
Add Pin To Net: Unknown Pin: Pin U5-1
Add Pin To Net: Unknown Pin: Pin U5-2
Add Pin To Net: Unknown Pin: Pin U5-3
Add Pin To Net: Unknown Pin: Pin U5-4
Add Pin To Net: Unknown Pin: Pin U5-A1B12
Add Pin To Net: Unknown Pin: Pin U5-A4B9
Add Pin To Net: Unknown Pin: Pin U5-B1A12
Add Pin To Net: Unknown Pin: Pin U5-B4A9
Change Net Name : Old Net Name=NetC30_2 New Net Name=NetC17_2
Change Net Name : Old Net Name=NetC38_2 New Net Name=NetC25_2
Change Net Name : Old Net Name=NetC39_2 New Net Name=NetC26_2
Change Net Name : Old Net Name=NetC40_2 New Net Name=NetC27_2
Change Net Name : Old Net Name=NetC41_2 New Net Name=NetC28_2
Change Net Name : Old Net Name=NetC42_2 New Net Name=NetC29_2
Change Net Name : Old Net Name=NetC?_2 New Net Name=NetC14_2
Change Net Name : Old Net Name=NetR20_2 New Net Name=NetR22_2
Change Net Name : Old Net Name=NetR21_1 New Net Name=NetR23_1
Change Net Name : Old Net Name=NetR22_2 New Net Name=NetR24_2
Change Net Name : Old Net Name=NetR23_1 New Net Name=NetR25_1
Change Net Name : Old Net Name=NetR24_1 New Net Name=NetR26_1
Change Net Name : Old Net Name=NetR26_1 New Net Name=NetR31_1
Change Net Name : Old Net Name=NetR27_1 New Net Name=NetR32_1
Change Net Name : Old Net Name=NetR28_1 New Net Name=NetR33_1
Change Net Name : Old Net Name=NetR29_1 New Net Name=NetR34_1
Change Net Name : Old Net Name=NetR32_1 New Net Name=NetR40_1
Change Net Name : Old Net Name=NetR33_1 New Net Name=NetR41_1
Change Net Name : Old Net Name=NetR34_1 New Net Name=NetR42_1
Change Net Name : Old Net Name=NetR35_1 New Net Name=NetR43_1
Change Net Name : Old Net Name=NetR36_1 New Net Name=NetR44_1
Change Net Name : Old Net Name=NetR38_1 New Net Name=NetR46_1
Change Net Name : Old Net Name=NetR?_1 New Net Name=NetR21_1
Change Net Name : Old Net Name=NetR?_2 New Net Name=NetR20_2
Added Pin To Net: NetName=DN Pin=R22-1
Added Pin To Net: NetName=DN Pin=R38-2
Added Net: Name=DN
Added Pin To Net: NetName=DP Pin=R24-1
Added Pin To Net: NetName=DP Pin=R39-2
Added Net: Name=DP
Added Pin To Net: NetName=NetJP1_1 Pin=U4-29
Added Net: Name=NetJP1_1
Added Pin To Net: NetName=NetR19_2 Pin=R19-2
Added Pin To Net: NetName=NetR19_2 Pin=U4-6
Added Net: Name=NetR19_2
Added Pin To Net: NetName=NetR29_1 Pin=R29-1
Added Pin To Net: NetName=NetR29_1 Pin=U7-16
Added Net: Name=NetR29_1
Added Pin To Net: NetName=NetR30_1 Pin=R30-1
Added Pin To Net: NetName=NetR30_1 Pin=U7-17
Added Net: Name=NetR30_1
Added Pin To Net: NetName=NetR35_1 Pin=R35-1
Added Pin To Net: NetName=NetR35_1 Pin=U7-42
Added Net: Name=NetR35_1
Added Pin To Net: NetName=NetR37_1 Pin=R37-1
Added Pin To Net: NetName=NetR37_1 Pin=U7-43
Added Net: Name=NetR37_1
Added Pin To Net: NetName=NetR38_1 Pin=R38-1
Added Pin To Net: NetName=NetR38_1 Pin=U7-44
Added Net: Name=NetR38_1
Added Pin To Net: NetName=NetR39_1 Pin=R39-1
Added Pin To Net: NetName=NetR39_1 Pin=U7-45
Added Net: Name=NetR39_1
Added Member To Class: ClassName=COMMUNICATION Member=Component C14 100nF
Added Member To Class: ClassName=COMMUNICATION Member=Component C16 100uF
Add Class Member: Failed to add class member : Component J5 CON4
Add Class Member: Failed to add class member : Component JP1 SMA WIFI ЬьЯпНгПк
Added Member To Class: ClassName=COMMUNICATION Member=Component R18 600ІИ 100Mhz
Added Member To Class: ClassName=COMMUNICATION Member=Component R25 0R
Added Member To Class: ClassName=COMMUNICATION Member=Component R26 0R
Added Member To Class: ClassName=MCU Member=Component R30
Added Member To Class: ClassName=MCU Member=Component R39
Added Member To Class: ClassName=MCU Member=Component R41
Added Member To Class: ClassName=MCU Member=Component R42
Added Member To Class: ClassName=MCU Member=Component R43
Added Member To Class: ClassName=MCU Member=Component R44 10K
Added Member To Class: ClassName=MCU Member=Component R45 1K
Added Member To Class: ClassName=MCU Member=Component R46
Add Class Member: Failed to add class member : Component U5 GT-USB-7010ASV
