Removed Pin From Net: NetName=TX Pin=R21-2
Removed Pin From Net: NetName=RX Pin=R24-2
Removed Pin From Net: NetName=3V3 Pin=R?-1
Change Component Footprint: Designator=R? Old Footprint=R 0805_L New Footprint=R 0603_L
Change Component Comment : Designator=R? Old Comment=600ІИ 100Mhz New Comment=1K
Added Component: Designator=C?(C 0603_M)
Add component (AddParameter): Name = "BOMУћГЦ"; Value = "ЮоМЋадЬљЦЌЕчШн"; VariantName = "[No Variations]"
Add component (AddParameter): Name = "бЇЯАзЪдД"; Value = "www.ooocke.com"; VariantName = "[No Variations]"
Add component (AddParameter): Name = "АцШЈЙщЪє"; Value = "дДДДПЭ"; VariantName = "[No Variations]"
Added Component: Designator=C?(C 0603_M)
Add component (AddParameter): Name = "BOMУћГЦ"; Value = "ЮоМЋадЬљЦЌЕчШн"; VariantName = "[No Variations]"
Add component (AddParameter): Name = "бЇЯАзЪдД"; Value = "www.ooocke.com"; VariantName = "[No Variations]"
Add component (AddParameter): Name = "АцШЈЙщЪє"; Value = "дДДДПЭ"; VariantName = "[No Variations]"
Added Component: Designator=C?(C 0603_M)
Add component (AddParameter): Name = "BOMУћГЦ"; Value = "ЮоМЋадЬљЦЌЕчШн"; VariantName = "[No Variations]"
Add component (AddParameter): Name = "бЇЯАзЪдД"; Value = "www.ooocke.com"; VariantName = "[No Variations]"
Add component (AddParameter): Name = "АцШЈЙщЪє"; Value = "дДДДПЭ"; VariantName = "[No Variations]"
Add Component: Footprint Not Found SMA-KE-LI
Added Component: Designator=R17(R 0805_L)
Add component (AddParameter): Name = "BOMУћГЦ"; Value = "ЬљЦЌЕчзш"; VariantName = "[No Variations]"
Add component (AddParameter): Name = "бЇЯАзЪдД"; Value = "www.ooocke.com"; VariantName = "[No Variations]"
Add component (AddParameter): Name = "АцШЈЙщЪє"; Value = "дДДДПЭ"; VariantName = "[No Variations]"
Added Component: Designator=R?(R 0603_L)
Add component (AddParameter): Name = "BOMУћГЦ"; Value = "ЬљЦЌЕчзш"; VariantName = "[No Variations]"
Add component (AddParameter): Name = "бЇЯАзЪдД"; Value = "www.ooocke.com"; VariantName = "[No Variations]"
Add component (AddParameter): Name = "АцШЈЙщЪє"; Value = "дДДДПЭ"; VariantName = "[No Variations]"
Added Component: Designator=R?(R 0603_L)
Add component (AddParameter): Name = "BOMУћГЦ"; Value = "ЬљЦЌЕчзш"; VariantName = "[No Variations]"
Add component (AddParameter): Name = "бЇЯАзЪдД"; Value = "www.ooocke.com"; VariantName = "[No Variations]"
Add component (AddParameter): Name = "АцШЈЙщЪє"; Value = "дДДДПЭ"; VariantName = "[No Variations]"
Added Component: Designator=R?(R 0603_L)
Add component (AddParameter): Name = "BOMУћГЦ"; Value = "ЬљЦЌЕчзш"; VariantName = "[No Variations]"
Add component (AddParameter): Name = "бЇЯАзЪдД"; Value = "www.ooocke.com"; VariantName = "[No Variations]"
Add component (AddParameter): Name = "АцШЈЙщЪє"; Value = "дДДДПЭ"; VariantName = "[No Variations]"
Added Component: Designator=U2(LGA-16_L3.0-W3.0-P0.50-BL)
Add component (AddParameter): Name = "Contributor"; Value = "LCSC"; VariantName = "[No Variations]"
Add component (AddParameter): Name = "JLCPCB Part Class"; Value = "Extended Part"; VariantName = "[No Variations]"
Add component (AddParameter): Name = "link"; Value = "https://so.szlcsc.com/global.html?k=C97633&ref=editor"; VariantName = "[No Variations]"
Add component (AddParameter): Name = "Manufacturer"; Value = "TDK InvenSense(гІУРЪЂ)"; VariantName = "[No Variations]"
Add component (AddParameter): Name = "Manufacturer Part"; Value = "ICM-20602"; VariantName = "[No Variations]"
Add component (AddParameter): Name = "spicePre"; Value = "U"; VariantName = "[No Variations]"
Add component (AddParameter): Name = "spiceSymbolName"; Value = "ICM-20602"; VariantName = "[No Variations]"
Add component (AddParameter): Name = "Supplier"; Value = "LCSC"; VariantName = "[No Variations]"
Add component (AddParameter): Name = "Supplier Part"; Value = "C97633"; VariantName = "[No Variations]"
Added Component: Designator=U3(LGA-8_L2.5-W2.0-P0.65_AMP6127)
Add component (AddParameter): Name = "JLCPCB Part Class"; Value = "Extended Part"; VariantName = "[No Variations]"
Add component (AddParameter): Name = "Manufacturer"; Value = "Bosch(ВЉЪР)"; VariantName = "[No Variations]"
Add component (AddParameter): Name = "Manufacturer Part"; Value = "BMP280"; VariantName = "[No Variations]"
Add component (AddParameter): Name = "spicePre"; Value = "U"; VariantName = "[No Variations]"
Add component (AddParameter): Name = "spiceSymbolName"; Value = "BMP280"; VariantName = "[No Variations]"
Add component (AddParameter): Name = "Supplier"; Value = "LCSC"; VariantName = "[No Variations]"
Add component (AddParameter): Name = "Supplier Part"; Value = "C83291"; VariantName = "[No Variations]"
Add Component: Footprint Not Found USB-C-SMD_G-SWITCH_GT-USB-7010ASV
Added Pin To Net: NetName=3V3_Lora Pin=C?-1
Added Pin To Net: NetName=GND Pin=C?-1
Added Pin To Net: NetName=GND Pin=C?-1
Added Pin To Net: NetName=3V3_Lora Pin=C?-2
Added Pin To Net: NetName=3V3_Lora Pin=C?-2
Add Pin To Net: Unknown Pin: Pin J5-1
Add Pin To Net: Unknown Pin: Pin J5-4
Add Pin To Net: Unknown Pin: Pin JP?-2
Add Pin To Net: Unknown Pin: Pin JP?-3
Added Pin To Net: NetName=3V3 Pin=R17-1
Added Pin To Net: NetName=3V3_Lora Pin=R17-2
Added Pin To Net: NetName=3V3_ICM Pin=U2-1
Added Pin To Net: NetName=SPI1_SCK Pin=U2-2
Added Pin To Net: NetName=SPI1_MOSI Pin=U2-3
Added Pin To Net: NetName=SPI1_MISO Pin=U2-4
Added Pin To Net: NetName=ICM_CS Pin=U2-5
Added Pin To Net: NetName=GND Pin=U2-9
Added Pin To Net: NetName=GND Pin=U2-10
Added Pin To Net: NetName=GND Pin=U2-11
Added Pin To Net: NetName=GND Pin=U2-12
Added Pin To Net: NetName=GND Pin=U2-13
Added Pin To Net: NetName=NetC10_2 Pin=U2-14
Added Pin To Net: NetName=GND Pin=U2-15
Added Pin To Net: NetName=3V3_ICM Pin=U2-16
Added Pin To Net: NetName=GND Pin=U3-1
Added Pin To Net: NetName=BMP_CS Pin=U3-2
Added Pin To Net: NetName=SPI2_MOSI Pin=U3-3
Added Pin To Net: NetName=SPI2_SCK Pin=U3-4
Added Pin To Net: NetName=SPI2_MISO Pin=U3-5
Added Pin To Net: NetName=3V3_BMP Pin=U3-6
Added Pin To Net: NetName=GND Pin=U3-7
Added Pin To Net: NetName=3V3_BMP Pin=U3-8
Add Pin To Net: Unknown Pin: Pin U6-1
Add Pin To Net: Unknown Pin: Pin U6-2
Add Pin To Net: Unknown Pin: Pin U6-3
Add Pin To Net: Unknown Pin: Pin U6-4
Add Pin To Net: Unknown Pin: Pin U6-A1B12
Add Pin To Net: Unknown Pin: Pin U6-A4B9
Add Pin To Net: Unknown Pin: Pin U6-A6
Add Pin To Net: Unknown Pin: Pin U6-A7
Add Pin To Net: Unknown Pin: Pin U6-B1A12
Add Pin To Net: Unknown Pin: Pin U6-B4A9
Add Pin To Net: Unknown Pin: Pin U6-B6
Added Pin To Net: NetName=GND Pin=U?-14
Added Pin To Net: NetName=3V3_Lora Pin=U?-15
Added Pin To Net: NetName=GND Pin=U?-28
Added Pin To Net: NetName=GND Pin=U?-30
Added Pin To Net: NetName=AUX Pin=R?-2
Added Net: Name=AUX
Added Pin To Net: NetName=M0 Pin=R?-1
Added Net: Name=M0
Added Pin To Net: NetName=M1 Pin=R?-1
Added Net: Name=M1
Added Pin To Net: NetName=NetC?_2 Pin=C?-2
Added Pin To Net: NetName=NetC?_2 Pin=R?-1
Added Pin To Net: NetName=NetC?_2 Pin=U?-22
Added Net: Name=NetC?_2
Added Pin To Net: NetName=NetJP?_1 Pin=U?-29
Added Net: Name=NetJP?_1
Added Pin To Net: NetName=NetR?_1 Pin=R?-1
Added Pin To Net: NetName=NetR?_1 Pin=U?-10
Added Net: Name=NetR?_1
Added Pin To Net: NetName=NetR?_2 Pin=R?-2
Added Pin To Net: NetName=NetR?_2 Pin=U?-7
Added Net: Name=NetR?_2
Add Net: Net with name "NetR?_2" already exists
Added Pin To Net: NetName=RX1 Pin=U?-2
Added Net: Name=RX1
Added Pin To Net: NetName=RX2 Pin=R24-2
Added Net: Name=RX2
Added Pin To Net: NetName=TX1 Pin=U?-21
Added Net: Name=TX1
Added Pin To Net: NetName=TX2 Pin=R21-2
Added Net: Name=TX2
Added Member To Class: ClassName=COMMUNICATION Member=Component C? 0.1uF
Added Member To Class: ClassName=COMMUNICATION Member=Component C? 100nF
Added Member To Class: ClassName=COMMUNICATION Member=Component C? 100uF
Add Class Member: Failed to add class member : Component J5 CON4
Add Class Member: Failed to add class member : Component JP? SMA WIFI ЬьЯпНгПк
Added Member To Class: ClassName=COMMUNICATION Member=Component R17 600ІИ 100Mhz
Added Member To Class: ClassName=MCU Member=Component R26
Added Member To Class: ClassName=MCU Member=Component R27
Added Member To Class: ClassName=MCU Member=Component R28
Added Member To Class: ClassName=COMMUNICATION Member=Component R? 0R
Added Member To Class: ClassName=COMMUNICATION Member=Component R? 0R
Added Member To Class: ClassName=COMMUNICATION Member=Component R? 0R
Added Member To Class: ClassName=SENSOR Member=Component U2 ICM-20602
Added Member To Class: ClassName=SENSOR Member=Component U3 BMP280
Add Class Member: Failed to add class member : Component U6 GT-USB-7010ASV
