Added Component: Designator=C1(C 0805_L)
Add component (AddParameter): Name = "BOM名称"; Value = "无极性贴片电容"; VariantName = "[No Variations]"
Add component (AddParameter): Name = "学习资源"; Value = "www.ooocke.com"; VariantName = "[No Variations]"
Add component (AddParameter): Name = "版权归属"; Value = "源创客"; VariantName = "[No Variations]"
Added Component: Designator=C2(C 0805_L)
Add component (AddParameter): Name = "BOM名称"; Value = "无极性贴片电容"; VariantName = "[No Variations]"
Add component (AddParameter): Name = "学习资源"; Value = "www.ooocke.com"; VariantName = "[No Variations]"
Add component (AddParameter): Name = "版权归属"; Value = "源创客"; VariantName = "[No Variations]"
Added Component: Designator=C3(C 0805_L)
Add component (AddParameter): Name = "BOM名称"; Value = "无极性贴片电容"; VariantName = "[No Variations]"
Add component (AddParameter): Name = "学习资源"; Value = "www.ooocke.com"; VariantName = "[No Variations]"
Add component (AddParameter): Name = "版权归属"; Value = "源创客"; VariantName = "[No Variations]"
Added Component: Designator=C4(C 0805_L)
Add component (AddParameter): Name = "BOM名称"; Value = "无极性贴片电容"; VariantName = "[No Variations]"
Add component (AddParameter): Name = "学习资源"; Value = "www.ooocke.com"; VariantName = "[No Variations]"
Add component (AddParameter): Name = "版权归属"; Value = "源创客"; VariantName = "[No Variations]"
Added Component: Designator=C5(C 0805_L)
Add component (AddParameter): Name = "BOM名称"; Value = "无极性贴片电容"; VariantName = "[No Variations]"
Add component (AddParameter): Name = "学习资源"; Value = "www.ooocke.com"; VariantName = "[No Variations]"
Add component (AddParameter): Name = "版权归属"; Value = "源创客"; VariantName = "[No Variations]"
Added Component: Designator=C6(C 0805_L)
Add component (AddParameter): Name = "BOM名称"; Value = "无极性贴片电容"; VariantName = "[No Variations]"
Add component (AddParameter): Name = "学习资源"; Value = "www.ooocke.com"; VariantName = "[No Variations]"
Add component (AddParameter): Name = "版权归属"; Value = "源创客"; VariantName = "[No Variations]"
Added Component: Designator=C7(C 0805_L)
Add component (AddParameter): Name = "BOM名称"; Value = "无极性贴片电容"; VariantName = "[No Variations]"
Add component (AddParameter): Name = "学习资源"; Value = "www.ooocke.com"; VariantName = "[No Variations]"
Add component (AddParameter): Name = "版权归属"; Value = "源创客"; VariantName = "[No Variations]"
Added Component: Designator=C8(C 0805_L)
Add component (AddParameter): Name = "BOM名称"; Value = "无极性贴片电容"; VariantName = "[No Variations]"
Add component (AddParameter): Name = "学习资源"; Value = "www.ooocke.com"; VariantName = "[No Variations]"
Add component (AddParameter): Name = "版权归属"; Value = "源创客"; VariantName = "[No Variations]"
Added Component: Designator=C9(C 0805_L)
Add component (AddParameter): Name = "BOM名称"; Value = "无极性贴片电容"; VariantName = "[No Variations]"
Add component (AddParameter): Name = "学习资源"; Value = "www.ooocke.com"; VariantName = "[No Variations]"
Add component (AddParameter): Name = "版权归属"; Value = "源创客"; VariantName = "[No Variations]"
Added Component: Designator=C10(C 0805_L)
Add component (AddParameter): Name = "BOM名称"; Value = "无极性贴片电容"; VariantName = "[No Variations]"
Add component (AddParameter): Name = "学习资源"; Value = "www.ooocke.com"; VariantName = "[No Variations]"
Add component (AddParameter): Name = "版权归属"; Value = "源创客"; VariantName = "[No Variations]"
Added Component: Designator=C11(C 0805_L)
Add component (AddParameter): Name = "BOM名称"; Value = "无极性贴片电容"; VariantName = "[No Variations]"
Add component (AddParameter): Name = "学习资源"; Value = "www.ooocke.com"; VariantName = "[No Variations]"
Add component (AddParameter): Name = "版权归属"; Value = "源创客"; VariantName = "[No Variations]"
Added Component: Designator=C12(C 0805_L)
Add component (AddParameter): Name = "BOM名称"; Value = "无极性贴片电容"; VariantName = "[No Variations]"
Add component (AddParameter): Name = "学习资源"; Value = "www.ooocke.com"; VariantName = "[No Variations]"
Add component (AddParameter): Name = "版权归属"; Value = "源创客"; VariantName = "[No Variations]"
Added Component: Designator=C13(C 0805_L)
Add component (AddParameter): Name = "BOM名称"; Value = "无极性贴片电容"; VariantName = "[No Variations]"
Add component (AddParameter): Name = "学习资源"; Value = "www.ooocke.com"; VariantName = "[No Variations]"
Add component (AddParameter): Name = "版权归属"; Value = "源创客"; VariantName = "[No Variations]"
Added Component: Designator=C14(C 0805_L)
Add component (AddParameter): Name = "BOM名称"; Value = "无极性贴片电容"; VariantName = "[No Variations]"
Add component (AddParameter): Name = "学习资源"; Value = "www.ooocke.com"; VariantName = "[No Variations]"
Add component (AddParameter): Name = "版权归属"; Value = "源创客"; VariantName = "[No Variations]"
Added Component: Designator=C15(C 0805_L)
Add component (AddParameter): Name = "BOM名称"; Value = "无极性贴片电容"; VariantName = "[No Variations]"
Add component (AddParameter): Name = "学习资源"; Value = "www.ooocke.com"; VariantName = "[No Variations]"
Add component (AddParameter): Name = "版权归属"; Value = "源创客"; VariantName = "[No Variations]"
Added Component: Designator=C16(C 0805_L)
Add component (AddParameter): Name = "BOM名称"; Value = "无极性贴片电容"; VariantName = "[No Variations]"
Add component (AddParameter): Name = "学习资源"; Value = "www.ooocke.com"; VariantName = "[No Variations]"
Add component (AddParameter): Name = "版权归属"; Value = "源创客"; VariantName = "[No Variations]"
Added Component: Designator=C17(C 0805_L)
Add component (AddParameter): Name = "BOM名称"; Value = "无极性贴片电容"; VariantName = "[No Variations]"
Add component (AddParameter): Name = "学习资源"; Value = "www.ooocke.com"; VariantName = "[No Variations]"
Add component (AddParameter): Name = "版权归属"; Value = "源创客"; VariantName = "[No Variations]"
Added Component: Designator=C18(C 0805_L)
Add component (AddParameter): Name = "BOM名称"; Value = "无极性贴片电容"; VariantName = "[No Variations]"
Add component (AddParameter): Name = "学习资源"; Value = "www.ooocke.com"; VariantName = "[No Variations]"
Add component (AddParameter): Name = "版权归属"; Value = "源创客"; VariantName = "[No Variations]"
Added Component: Designator=C19(C 0805_L)
Add component (AddParameter): Name = "BOM名称"; Value = "无极性贴片电容"; VariantName = "[No Variations]"
Add component (AddParameter): Name = "学习资源"; Value = "www.ooocke.com"; VariantName = "[No Variations]"
Add component (AddParameter): Name = "版权归属"; Value = "源创客"; VariantName = "[No Variations]"
Added Component: Designator=C20(C 0805_L)
Add component (AddParameter): Name = "BOM名称"; Value = "无极性贴片电容"; VariantName = "[No Variations]"
Add component (AddParameter): Name = "学习资源"; Value = "www.ooocke.com"; VariantName = "[No Variations]"
Add component (AddParameter): Name = "版权归属"; Value = "源创客"; VariantName = "[No Variations]"
Added Component: Designator=C21(C 0805_L)
Add component (AddParameter): Name = "BOM名称"; Value = "无极性贴片电容"; VariantName = "[No Variations]"
Add component (AddParameter): Name = "学习资源"; Value = "www.ooocke.com"; VariantName = "[No Variations]"
Add component (AddParameter): Name = "版权归属"; Value = "源创客"; VariantName = "[No Variations]"
Added Component: Designator=C22(C 0805_L)
Add component (AddParameter): Name = "BOM名称"; Value = "无极性贴片电容"; VariantName = "[No Variations]"
Add component (AddParameter): Name = "学习资源"; Value = "www.ooocke.com"; VariantName = "[No Variations]"
Add component (AddParameter): Name = "版权归属"; Value = "源创客"; VariantName = "[No Variations]"
Added Component: Designator=C23(C 0805_L)
Add component (AddParameter): Name = "BOM名称"; Value = "无极性贴片电容"; VariantName = "[No Variations]"
Add component (AddParameter): Name = "学习资源"; Value = "www.ooocke.com"; VariantName = "[No Variations]"
Add component (AddParameter): Name = "版权归属"; Value = "源创客"; VariantName = "[No Variations]"
Added Component: Designator=C24(C 0805_L)
Add component (AddParameter): Name = "BOM名称"; Value = "无极性贴片电容"; VariantName = "[No Variations]"
Add component (AddParameter): Name = "学习资源"; Value = "www.ooocke.com"; VariantName = "[No Variations]"
Add component (AddParameter): Name = "版权归属"; Value = "源创客"; VariantName = "[No Variations]"
Added Component: Designator=C25(C 0805_L)
Add component (AddParameter): Name = "BOM名称"; Value = "无极性贴片电容"; VariantName = "[No Variations]"
Add component (AddParameter): Name = "学习资源"; Value = "www.ooocke.com"; VariantName = "[No Variations]"
Add component (AddParameter): Name = "版权归属"; Value = "源创客"; VariantName = "[No Variations]"
Added Component: Designator=C26(C 0805_L)
Add component (AddParameter): Name = "BOM名称"; Value = "无极性贴片电容"; VariantName = "[No Variations]"
Add component (AddParameter): Name = "学习资源"; Value = "www.ooocke.com"; VariantName = "[No Variations]"
Add component (AddParameter): Name = "版权归属"; Value = "源创客"; VariantName = "[No Variations]"
Added Component: Designator=C27(C 0805_L)
Add component (AddParameter): Name = "BOM名称"; Value = "无极性贴片电容"; VariantName = "[No Variations]"
Add component (AddParameter): Name = "学习资源"; Value = "www.ooocke.com"; VariantName = "[No Variations]"
Add component (AddParameter): Name = "版权归属"; Value = "源创客"; VariantName = "[No Variations]"
Added Component: Designator=C28(C 0805_L)
Add component (AddParameter): Name = "BOM名称"; Value = "无极性贴片电容"; VariantName = "[No Variations]"
Add component (AddParameter): Name = "学习资源"; Value = "www.ooocke.com"; VariantName = "[No Variations]"
Add component (AddParameter): Name = "版权归属"; Value = "源创客"; VariantName = "[No Variations]"
Added Component: Designator=C29(C 0805_L)
Add component (AddParameter): Name = "BOM名称"; Value = "无极性贴片电容"; VariantName = "[No Variations]"
Add component (AddParameter): Name = "学习资源"; Value = "www.ooocke.com"; VariantName = "[No Variations]"
Add component (AddParameter): Name = "版权归属"; Value = "源创客"; VariantName = "[No Variations]"
Added Component: Designator=C30(C 0805_L)
Add component (AddParameter): Name = "BOM名称"; Value = "无极性贴片电容"; VariantName = "[No Variations]"
Add component (AddParameter): Name = "学习资源"; Value = "www.ooocke.com"; VariantName = "[No Variations]"
Add component (AddParameter): Name = "版权归属"; Value = "源创客"; VariantName = "[No Variations]"
Added Component: Designator=C31(C 0805_L)
Add component (AddParameter): Name = "BOM名称"; Value = "无极性贴片电容"; VariantName = "[No Variations]"
Add component (AddParameter): Name = "学习资源"; Value = "www.ooocke.com"; VariantName = "[No Variations]"
Add component (AddParameter): Name = "版权归属"; Value = "源创客"; VariantName = "[No Variations]"
Added Component: Designator=C32(C 0805_L)
Add component (AddParameter): Name = "BOM名称"; Value = "无极性贴片电容"; VariantName = "[No Variations]"
Add component (AddParameter): Name = "学习资源"; Value = "www.ooocke.com"; VariantName = "[No Variations]"
Add component (AddParameter): Name = "版权归属"; Value = "源创客"; VariantName = "[No Variations]"
Added Component: Designator=C33(C 0805_L)
Add component (AddParameter): Name = "BOM名称"; Value = "无极性贴片电容"; VariantName = "[No Variations]"
Add component (AddParameter): Name = "学习资源"; Value = "www.ooocke.com"; VariantName = "[No Variations]"
Add component (AddParameter): Name = "版权归属"; Value = "源创客"; VariantName = "[No Variations]"
Added Component: Designator=C34(C 0805_L)
Add component (AddParameter): Name = "BOM名称"; Value = "无极性贴片电容"; VariantName = "[No Variations]"
Add component (AddParameter): Name = "学习资源"; Value = "www.ooocke.com"; VariantName = "[No Variations]"
Add component (AddParameter): Name = "版权归属"; Value = "源创客"; VariantName = "[No Variations]"
Added Component: Designator=C35(C 0805_L)
Add component (AddParameter): Name = "BOM名称"; Value = "无极性贴片电容"; VariantName = "[No Variations]"
Add component (AddParameter): Name = "学习资源"; Value = "www.ooocke.com"; VariantName = "[No Variations]"
Add component (AddParameter): Name = "版权归属"; Value = "源创客"; VariantName = "[No Variations]"
Added Component: Designator=C36(C 0805_L)
Add component (AddParameter): Name = "BOM名称"; Value = "无极性贴片电容"; VariantName = "[No Variations]"
Add component (AddParameter): Name = "学习资源"; Value = "www.ooocke.com"; VariantName = "[No Variations]"
Add component (AddParameter): Name = "版权归属"; Value = "源创客"; VariantName = "[No Variations]"
Added Component: Designator=C37(C 0805_L)
Add component (AddParameter): Name = "BOM名称"; Value = "无极性贴片电容"; VariantName = "[No Variations]"
Add component (AddParameter): Name = "学习资源"; Value = "www.ooocke.com"; VariantName = "[No Variations]"
Add component (AddParameter): Name = "版权归属"; Value = "源创客"; VariantName = "[No Variations]"
Added Component: Designator=C38(C 0805_L)
Add component (AddParameter): Name = "BOM名称"; Value = "无极性贴片电容"; VariantName = "[No Variations]"
Add component (AddParameter): Name = "学习资源"; Value = "www.ooocke.com"; VariantName = "[No Variations]"
Add component (AddParameter): Name = "版权归属"; Value = "源创客"; VariantName = "[No Variations]"
Added Component: Designator=C39(C 0805_L)
Add component (AddParameter): Name = "BOM名称"; Value = "无极性贴片电容"; VariantName = "[No Variations]"
Add component (AddParameter): Name = "学习资源"; Value = "www.ooocke.com"; VariantName = "[No Variations]"
Add component (AddParameter): Name = "版权归属"; Value = "源创客"; VariantName = "[No Variations]"
Added Component: Designator=C40(C 0805_L)
Add component (AddParameter): Name = "BOM名称"; Value = "无极性贴片电容"; VariantName = "[No Variations]"
Add component (AddParameter): Name = "学习资源"; Value = "www.ooocke.com"; VariantName = "[No Variations]"
Add component (AddParameter): Name = "版权归属"; Value = "源创客"; VariantName = "[No Variations]"
Added Component: Designator=C41(C 0805_L)
Add component (AddParameter): Name = "BOM名称"; Value = "无极性贴片电容"; VariantName = "[No Variations]"
Add component (AddParameter): Name = "学习资源"; Value = "www.ooocke.com"; VariantName = "[No Variations]"
Add component (AddParameter): Name = "版权归属"; Value = "源创客"; VariantName = "[No Variations]"
Added Component: Designator=C42(C 0805_L)
Add component (AddParameter): Name = "BOM名称"; Value = "无极性贴片电容"; VariantName = "[No Variations]"
Add component (AddParameter): Name = "学习资源"; Value = "www.ooocke.com"; VariantName = "[No Variations]"
Add component (AddParameter): Name = "版权归属"; Value = "源创客"; VariantName = "[No Variations]"
Add Component: Footprint Not Found DO-27
Add Component: Footprint Not Found DO-35
Added Component: Designator=J?(M3x65_N)
Add Component: Footprint Not Found SMA-KE-LI
Add Component: Footprint Not Found CD31
Add Component: Footprint Not Found L 0805
Add Component: Footprint Not Found L 0805
Add Component: Footprint Not Found L 0805
Add Component: Footprint Not Found L 0805
Add Component: Footprint Not Found L 0805
Add Component: Footprint Not Found L 0805
Add Component: Footprint Not Found LED 0805G
Add Component: Footprint Not Found LED 0805G
Add Component: Footprint Not Found LED 0805G
Add Component: Footprint Not Found TO220B
Add Component: Footprint Not Found TO220A
Add Component: Footprint Not Found TO220B
Add Component: Footprint Not Found TO220B
Added Component: Designator=R1(R 0805_L)
Add component (AddParameter): Name = "BOM名称"; Value = "贴片电阻"; VariantName = "[No Variations]"
Add component (AddParameter): Name = "学习资源"; Value = "www.ooocke.com"; VariantName = "[No Variations]"
Add component (AddParameter): Name = "版权归属"; Value = "源创客"; VariantName = "[No Variations]"
Added Component: Designator=R2(R 0805_L)
Add component (AddParameter): Name = "BOM名称"; Value = "贴片电阻"; VariantName = "[No Variations]"
Add component (AddParameter): Name = "学习资源"; Value = "www.ooocke.com"; VariantName = "[No Variations]"
Add component (AddParameter): Name = "版权归属"; Value = "源创客"; VariantName = "[No Variations]"
Added Component: Designator=R3(R 0805_L)
Add component (AddParameter): Name = "BOM名称"; Value = "贴片电阻"; VariantName = "[No Variations]"
Add component (AddParameter): Name = "学习资源"; Value = "www.ooocke.com"; VariantName = "[No Variations]"
Add component (AddParameter): Name = "版权归属"; Value = "源创客"; VariantName = "[No Variations]"
Added Component: Designator=R4(R 0805_L)
Add component (AddParameter): Name = "BOM名称"; Value = "贴片电阻"; VariantName = "[No Variations]"
Add component (AddParameter): Name = "学习资源"; Value = "www.ooocke.com"; VariantName = "[No Variations]"
Add component (AddParameter): Name = "版权归属"; Value = "源创客"; VariantName = "[No Variations]"
Added Component: Designator=R5(R 0805_L)
Add component (AddParameter): Name = "BOM名称"; Value = "贴片电阻"; VariantName = "[No Variations]"
Add component (AddParameter): Name = "学习资源"; Value = "www.ooocke.com"; VariantName = "[No Variations]"
Add component (AddParameter): Name = "版权归属"; Value = "源创客"; VariantName = "[No Variations]"
Added Component: Designator=R6(R 0805_L)
Add component (AddParameter): Name = "BOM名称"; Value = "贴片电阻"; VariantName = "[No Variations]"
Add component (AddParameter): Name = "学习资源"; Value = "www.ooocke.com"; VariantName = "[No Variations]"
Add component (AddParameter): Name = "版权归属"; Value = "源创客"; VariantName = "[No Variations]"
Added Component: Designator=R7(R 0805_L)
Add component (AddParameter): Name = "BOM名称"; Value = "贴片电阻"; VariantName = "[No Variations]"
Add component (AddParameter): Name = "学习资源"; Value = "www.ooocke.com"; VariantName = "[No Variations]"
Add component (AddParameter): Name = "版权归属"; Value = "源创客"; VariantName = "[No Variations]"
Added Component: Designator=R8(R 0805_L)
Add component (AddParameter): Name = "BOM名称"; Value = "贴片电阻"; VariantName = "[No Variations]"
Add component (AddParameter): Name = "学习资源"; Value = "www.ooocke.com"; VariantName = "[No Variations]"
Add component (AddParameter): Name = "版权归属"; Value = "源创客"; VariantName = "[No Variations]"
Added Component: Designator=R9(R 0805_L)
Add component (AddParameter): Name = "BOM名称"; Value = "贴片电阻"; VariantName = "[No Variations]"
Add component (AddParameter): Name = "学习资源"; Value = "www.ooocke.com"; VariantName = "[No Variations]"
Add component (AddParameter): Name = "版权归属"; Value = "源创客"; VariantName = "[No Variations]"
Added Component: Designator=R10(R 0805_L)
Add component (AddParameter): Name = "BOM名称"; Value = "贴片电阻"; VariantName = "[No Variations]"
Add component (AddParameter): Name = "学习资源"; Value = "www.ooocke.com"; VariantName = "[No Variations]"
Add component (AddParameter): Name = "版权归属"; Value = "源创客"; VariantName = "[No Variations]"
Added Component: Designator=R11(R 0805_L)
Add component (AddParameter): Name = "BOM名称"; Value = "贴片电阻"; VariantName = "[No Variations]"
Add component (AddParameter): Name = "学习资源"; Value = "www.ooocke.com"; VariantName = "[No Variations]"
Add component (AddParameter): Name = "版权归属"; Value = "源创客"; VariantName = "[No Variations]"
Added Component: Designator=R12(R 0805_L)
Add component (AddParameter): Name = "BOM名称"; Value = "贴片电阻"; VariantName = "[No Variations]"
Add component (AddParameter): Name = "学习资源"; Value = "www.ooocke.com"; VariantName = "[No Variations]"
Add component (AddParameter): Name = "版权归属"; Value = "源创客"; VariantName = "[No Variations]"
Added Component: Designator=R13(R 0805_L)
Add component (AddParameter): Name = "BOM名称"; Value = "贴片电阻"; VariantName = "[No Variations]"
Add component (AddParameter): Name = "学习资源"; Value = "www.ooocke.com"; VariantName = "[No Variations]"
Add component (AddParameter): Name = "版权归属"; Value = "源创客"; VariantName = "[No Variations]"
Added Component: Designator=R14(R 0805_L)
Add component (AddParameter): Name = "BOM名称"; Value = "贴片电阻"; VariantName = "[No Variations]"
Add component (AddParameter): Name = "学习资源"; Value = "www.ooocke.com"; VariantName = "[No Variations]"
Add component (AddParameter): Name = "版权归属"; Value = "源创客"; VariantName = "[No Variations]"
Added Component: Designator=R15(R 0805_L)
Add component (AddParameter): Name = "BOM名称"; Value = "贴片电阻"; VariantName = "[No Variations]"
Add component (AddParameter): Name = "学习资源"; Value = "www.ooocke.com"; VariantName = "[No Variations]"
Add component (AddParameter): Name = "版权归属"; Value = "源创客"; VariantName = "[No Variations]"
Added Component: Designator=R16(R 0805_L)
Add component (AddParameter): Name = "BOM名称"; Value = "贴片电阻"; VariantName = "[No Variations]"
Add component (AddParameter): Name = "学习资源"; Value = "www.ooocke.com"; VariantName = "[No Variations]"
Add component (AddParameter): Name = "版权归属"; Value = "源创客"; VariantName = "[No Variations]"
Added Component: Designator=R17(R 0805_L)
Add component (AddParameter): Name = "BOM名称"; Value = "贴片电阻"; VariantName = "[No Variations]"
Add component (AddParameter): Name = "学习资源"; Value = "www.ooocke.com"; VariantName = "[No Variations]"
Add component (AddParameter): Name = "版权归属"; Value = "源创客"; VariantName = "[No Variations]"
Added Component: Designator=R18(R 0805_L)
Add component (AddParameter): Name = "BOM名称"; Value = "贴片电阻"; VariantName = "[No Variations]"
Add component (AddParameter): Name = "学习资源"; Value = "www.ooocke.com"; VariantName = "[No Variations]"
Add component (AddParameter): Name = "版权归属"; Value = "源创客"; VariantName = "[No Variations]"
Added Component: Designator=R19(R 0805_L)
Add component (AddParameter): Name = "BOM名称"; Value = "贴片电阻"; VariantName = "[No Variations]"
Add component (AddParameter): Name = "学习资源"; Value = "www.ooocke.com"; VariantName = "[No Variations]"
Add component (AddParameter): Name = "版权归属"; Value = "源创客"; VariantName = "[No Variations]"
Added Component: Designator=R20(R 0805_L)
Add component (AddParameter): Name = "BOM名称"; Value = "贴片电阻"; VariantName = "[No Variations]"
Add component (AddParameter): Name = "学习资源"; Value = "www.ooocke.com"; VariantName = "[No Variations]"
Add component (AddParameter): Name = "版权归属"; Value = "源创客"; VariantName = "[No Variations]"
Added Component: Designator=R21(R 0805_L)
Add component (AddParameter): Name = "BOM名称"; Value = "贴片电阻"; VariantName = "[No Variations]"
Add component (AddParameter): Name = "学习资源"; Value = "www.ooocke.com"; VariantName = "[No Variations]"
Add component (AddParameter): Name = "版权归属"; Value = "源创客"; VariantName = "[No Variations]"
Added Component: Designator=R22(R 0805_L)
Add component (AddParameter): Name = "BOM名称"; Value = "贴片电阻"; VariantName = "[No Variations]"
Add component (AddParameter): Name = "学习资源"; Value = "www.ooocke.com"; VariantName = "[No Variations]"
Add component (AddParameter): Name = "版权归属"; Value = "源创客"; VariantName = "[No Variations]"
Added Component: Designator=R23(R 0805_L)
Add component (AddParameter): Name = "BOM名称"; Value = "贴片电阻"; VariantName = "[No Variations]"
Add component (AddParameter): Name = "学习资源"; Value = "www.ooocke.com"; VariantName = "[No Variations]"
Add component (AddParameter): Name = "版权归属"; Value = "源创客"; VariantName = "[No Variations]"
Added Component: Designator=R24(R 0805_L)
Add component (AddParameter): Name = "BOM名称"; Value = "贴片电阻"; VariantName = "[No Variations]"
Add component (AddParameter): Name = "学习资源"; Value = "www.ooocke.com"; VariantName = "[No Variations]"
Add component (AddParameter): Name = "版权归属"; Value = "源创客"; VariantName = "[No Variations]"
Added Component: Designator=R25(R 0805_L)
Add component (AddParameter): Name = "BOM名称"; Value = "贴片电阻"; VariantName = "[No Variations]"
Add component (AddParameter): Name = "学习资源"; Value = "www.ooocke.com"; VariantName = "[No Variations]"
Add component (AddParameter): Name = "版权归属"; Value = "源创客"; VariantName = "[No Variations]"
Added Component: Designator=R26(R 0805_L)
Add component (AddParameter): Name = "BOM名称"; Value = "贴片电阻"; VariantName = "[No Variations]"
Add component (AddParameter): Name = "学习资源"; Value = "www.ooocke.com"; VariantName = "[No Variations]"
Add component (AddParameter): Name = "版权归属"; Value = "源创客"; VariantName = "[No Variations]"
Added Component: Designator=R27(R 0805_L)
Add component (AddParameter): Name = "BOM名称"; Value = "贴片电阻"; VariantName = "[No Variations]"
Add component (AddParameter): Name = "学习资源"; Value = "www.ooocke.com"; VariantName = "[No Variations]"
Add component (AddParameter): Name = "版权归属"; Value = "源创客"; VariantName = "[No Variations]"
Added Component: Designator=R28(R 0805_L)
Add component (AddParameter): Name = "BOM名称"; Value = "贴片电阻"; VariantName = "[No Variations]"
Add component (AddParameter): Name = "学习资源"; Value = "www.ooocke.com"; VariantName = "[No Variations]"
Add component (AddParameter): Name = "版权归属"; Value = "源创客"; VariantName = "[No Variations]"
Added Component: Designator=R29(R 0805_L)
Add component (AddParameter): Name = "BOM名称"; Value = "贴片电阻"; VariantName = "[No Variations]"
Add component (AddParameter): Name = "学习资源"; Value = "www.ooocke.com"; VariantName = "[No Variations]"
Add component (AddParameter): Name = "版权归属"; Value = "源创客"; VariantName = "[No Variations]"
Added Component: Designator=R30(R 0805_L)
Add component (AddParameter): Name = "BOM名称"; Value = "贴片电阻"; VariantName = "[No Variations]"
Add component (AddParameter): Name = "学习资源"; Value = "www.ooocke.com"; VariantName = "[No Variations]"
Add component (AddParameter): Name = "版权归属"; Value = "源创客"; VariantName = "[No Variations]"
Add Component: Footprint Not Found SOT-23-5_L3.0-W1.7-P0.95-LS2.8-BL
Add Component: Footprint Not Found SOT-23-6_L2.9-W1.6-P0.95-LS2.8-BL
Add Component: Footprint Not Found LGA-16_L3.0-W3.0-P0.50-BL
Add Component: Footprint Not Found LGA-8_L2.5-W2.0-P0.65_AMP6127
Add Component: Footprint Not Found QFN-24_L4.0-W4.0-P0.50-BL-EP2.6
Add Component: Footprint Not Found SC-70-6_L2.2-W1.3-P0.65-LS2.1-BL
Add Component: Footprint Not Found USB-C-SMD_G-SWITCH_GT-USB-7010ASV
Add Component: Footprint Not Found SOP-8_L4.9-W3.9-P1.27-LS6.0-BL
Add Component: Footprint Not Found STM-LQFP64_N
Add Component: Footprint Not Found OSC 1612-4P
Add Component: Footprint Not Found OSC 1612-4P
Added Component: Designator=电源(TX60PW-M20)
Added Component: Designator=电调(TX60PW-M20)
Added Pin To Net: NetName=3V3_BMP Pin=C11-1
Added Pin To Net: NetName=3V3_BMP Pin=C12-1
Added Pin To Net: NetName=3V3_BMP Pin=R17-2
Added Net: Name=3V3_BMP
Added Pin To Net: NetName=3V3_ICM Pin=C8-2
Added Pin To Net: NetName=3V3_ICM Pin=C9-2
Added Pin To Net: NetName=3V3_ICM Pin=C13-2
Added Pin To Net: NetName=3V3_ICM Pin=R18-2
Added Net: Name=3V3_ICM
Added Pin To Net: NetName=3V3_Lora Pin=C20-1
Added Pin To Net: NetName=3V3_Lora Pin=C29-2
Added Pin To Net: NetName=3V3_Lora Pin=R19-2
Added Net: Name=3V3_Lora
Added Pin To Net: NetName=3V3_MCU Pin=C1-1
Added Pin To Net: NetName=3V3_MCU Pin=C4-1
Added Pin To Net: NetName=3V3_MCU Pin=C6-1
Added Pin To Net: NetName=3V3_MCU Pin=C7-1
Added Pin To Net: NetName=3V3_MCU Pin=C8-1
Added Pin To Net: NetName=3V3_MCU Pin=C9-1
Added Pin To Net: NetName=3V3_MCU Pin=C10-1
Added Pin To Net: NetName=3V3_MCU Pin=C11-2
Added Pin To Net: NetName=3V3_MCU Pin=C12-2
Added Pin To Net: NetName=3V3_MCU Pin=C13-1
Added Pin To Net: NetName=3V3_MCU Pin=C14-1
Added Pin To Net: NetName=3V3_MCU Pin=C15-1
Added Pin To Net: NetName=3V3_MCU Pin=C17-2
Added Pin To Net: NetName=3V3_MCU Pin=C18-2
Added Pin To Net: NetName=3V3_MCU Pin=C19-2
Added Pin To Net: NetName=3V3_MCU Pin=C20-2
Added Pin To Net: NetName=3V3_MCU Pin=C25-1
Added Pin To Net: NetName=3V3_MCU Pin=C26-2
Added Pin To Net: NetName=3V3_MCU Pin=C27-1
Added Pin To Net: NetName=3V3_MCU Pin=C28-1
Added Pin To Net: NetName=3V3_MCU Pin=C29-1
Added Pin To Net: NetName=3V3_MCU Pin=C30-1
Added Pin To Net: NetName=3V3_MCU Pin=C31-1
Added Pin To Net: NetName=3V3_MCU Pin=C31-2
Added Pin To Net: NetName=3V3_MCU Pin=C32-1
Added Pin To Net: NetName=3V3_MCU Pin=C32-2
Added Pin To Net: NetName=3V3_MCU Pin=C33-1
Added Pin To Net: NetName=3V3_MCU Pin=C33-2
Added Pin To Net: NetName=3V3_MCU Pin=C34-1
Added Pin To Net: NetName=3V3_MCU Pin=C34-2
Added Pin To Net: NetName=3V3_MCU Pin=C35-1
Added Pin To Net: NetName=3V3_MCU Pin=C35-2
Added Pin To Net: NetName=3V3_MCU Pin=C36-1
Added Pin To Net: NetName=3V3_MCU Pin=C36-2
Added Pin To Net: NetName=3V3_MCU Pin=C37-1
Added Pin To Net: NetName=3V3_MCU Pin=C37-2
Added Pin To Net: NetName=3V3_MCU Pin=C38-1
Added Pin To Net: NetName=3V3_MCU Pin=C39-1
Added Pin To Net: NetName=3V3_MCU Pin=C40-1
Added Pin To Net: NetName=3V3_MCU Pin=C41-1
Added Pin To Net: NetName=3V3_MCU Pin=C42-1
Added Pin To Net: NetName=3V3_MCU Pin=R1-1
Added Pin To Net: NetName=3V3_MCU Pin=R7-2
Added Pin To Net: NetName=3V3_MCU Pin=R8-1
Added Pin To Net: NetName=3V3_MCU Pin=R10-1
Added Pin To Net: NetName=3V3_MCU Pin=R12-1
Added Pin To Net: NetName=3V3_MCU Pin=R16-1
Added Pin To Net: NetName=3V3_MCU Pin=R27-2
Added Pin To Net: NetName=3V3_MCU Pin=R28-2
Added Pin To Net: NetName=3V3_MCU Pin=R29-2
Added Pin To Net: NetName=3V3_MCU Pin=电源-2
Added Pin To Net: NetName=3V3_MCU Pin=电调-2
Added Net: Name=3V3_MCU
Added Pin To Net: NetName=3V3 Pin=C6-2
Added Pin To Net: NetName=3V3 Pin=R17-1
Added Pin To Net: NetName=3V3 Pin=R18-1
Added Pin To Net: NetName=3V3 Pin=R19-1
Added Pin To Net: NetName=3V3 Pin=R27-1
Added Net: Name=3V3
Added Pin To Net: NetName=5V Pin=C3-2
Added Pin To Net: NetName=5V Pin=C4-2
Added Pin To Net: NetName=5V Pin=C5-2
Added Pin To Net: NetName=5V Pin=R14-2
Added Pin To Net: NetName=5V Pin=R25-2
Added Net: Name=5V
Added Pin To Net: NetName=12V_ADC Pin=R3-2
Added Net: Name=12V_ADC
Added Pin To Net: NetName=12V_COM_IO Pin=R6-1
Added Net: Name=12V_COM_IO
Added Pin To Net: NetName=12V_COM Pin=R4-1
Added Pin To Net: NetName=12V_COM Pin=R11-1
Added Pin To Net: NetName=12V_COM Pin=R13-1
Added Net: Name=12V_COM
Added Pin To Net: NetName=12V Pin=C7-2
Added Pin To Net: NetName=12V Pin=R2-2
Added Pin To Net: NetName=12V Pin=R5-1
Added Pin To Net: NetName=12V Pin=R15-1
Added Pin To Net: NetName=12V Pin=电源-1
Added Net: Name=12V
Added Pin To Net: NetName=ANT_SW Pin=R20-1
Added Net: Name=ANT_SW
Added Net: Name=BMP_CS
Added Pin To Net: NetName=DIO2 Pin=R21-1
Added Net: Name=DIO2
Added Net: Name=ICM_CS
Added Net: Name=LoRa_CS
Added Pin To Net: NetName=NetC1_2 Pin=C1-2
Added Pin To Net: NetName=NetC1_2 Pin=R2-1
Added Pin To Net: NetName=NetC1_2 Pin=R3-1
Added Pin To Net: NetName=NetC1_2 Pin=R7-1
Added Net: Name=NetC1_2
Added Pin To Net: NetName=NetC2_1 Pin=C2-1
Added Net: Name=NetC2_1
Added Pin To Net: NetName=NetC2_2 Pin=C2-2
Added Net: Name=NetC2_2
Added Pin To Net: NetName=NetC3_1 Pin=C3-1
Added Pin To Net: NetName=NetC3_1 Pin=R14-1
Added Pin To Net: NetName=NetC3_1 Pin=R16-2
Added Net: Name=NetC3_1
Added Pin To Net: NetName=NetC5_1 Pin=C5-1
Added Net: Name=NetC5_1
Added Pin To Net: NetName=NetC10_2 Pin=C10-2
Added Net: Name=NetC10_2
Added Pin To Net: NetName=NetC14_2 Pin=C14-2
Added Pin To Net: NetName=NetC14_2 Pin=C15-2
Added Net: Name=NetC14_2
Added Pin To Net: NetName=NetC16_1 Pin=C16-1
Added Pin To Net: NetName=NetC16_1 Pin=C18-1
Added Net: Name=NetC16_1
Added Pin To Net: NetName=NetC16_2 Pin=C16-2
Added Pin To Net: NetName=NetC16_2 Pin=C19-1
Added Net: Name=NetC16_2
Added Pin To Net: NetName=NetC17_1 Pin=C17-1
Added Pin To Net: NetName=NetC17_1 Pin=R20-2
Added Net: Name=NetC17_1
Added Pin To Net: NetName=NetC21_1 Pin=C21-1
Added Net: Name=NetC21_1
Added Pin To Net: NetName=NetC21_2 Pin=C21-2
Added Pin To Net: NetName=NetC21_2 Pin=C23-2
Added Net: Name=NetC21_2
Added Pin To Net: NetName=NetC22_1 Pin=C22-1
Added Net: Name=NetC22_1
Added Pin To Net: NetName=NetC22_2 Pin=C22-2
Added Pin To Net: NetName=NetC22_2 Pin=C27-2
Added Net: Name=NetC22_2
Added Pin To Net: NetName=NetC23_1 Pin=C23-1
Added Pin To Net: NetName=NetC23_1 Pin=C24-1
Added Net: Name=NetC23_1
Added Pin To Net: NetName=NetC24_2 Pin=C24-2
Added Net: Name=NetC24_2
Added Pin To Net: NetName=NetC25_2 Pin=C25-2
Added Pin To Net: NetName=NetC25_2 Pin=R21-2
Added Net: Name=NetC25_2
Added Pin To Net: NetName=NetC26_1 Pin=C26-1
Added Net: Name=NetC26_1
Added Pin To Net: NetName=NetC28_2 Pin=C28-2
Added Net: Name=NetC28_2
Added Pin To Net: NetName=NetC30_2 Pin=C30-2
Added Net: Name=NetC30_2
Added Pin To Net: NetName=NetC38_2 Pin=C38-2
Added Net: Name=NetC38_2
Added Pin To Net: NetName=NetC39_2 Pin=C39-2
Added Net: Name=NetC39_2
Added Pin To Net: NetName=NetC40_2 Pin=C40-2
Added Pin To Net: NetName=NetC40_2 Pin=R29-1
Added Net: Name=NetC40_2
Added Pin To Net: NetName=NetC41_2 Pin=C41-2
Added Net: Name=NetC41_2
Added Pin To Net: NetName=NetC42_2 Pin=C42-2
Added Net: Name=NetC42_2
Added Net: Name=NetD1_1
Added Net: Name=NetJ2_2
Added Net: Name=NetJ2_3
Added Net: Name=NetL1_1
Added Net: Name=NetL3_1
Added Net: Name=NetL7_2
Added Pin To Net: NetName=NetLED1_1 Pin=R5-2
Added Net: Name=NetLED1_1
Added Pin To Net: NetName=NetLED2_1 Pin=R9-2
Added Net: Name=NetLED2_1
Added Pin To Net: NetName=NetLED3_1 Pin=R30-2
Added Net: Name=NetLED3_1
Added Pin To Net: NetName=NetQ1_1 Pin=R1-2
Added Pin To Net: NetName=NetQ1_1 Pin=R4-2
Added Net: Name=NetQ1_1
Added Pin To Net: NetName=NetQ1_3 Pin=R9-1
Added Pin To Net: NetName=NetQ1_3 Pin=电调-1
Added Net: Name=NetQ1_3
Added Pin To Net: NetName=NetQ2_1 Pin=R6-2
Added Pin To Net: NetName=NetQ2_1 Pin=R8-2
Added Net: Name=NetQ2_1
Added Pin To Net: NetName=NetQ3_1 Pin=R10-2
Added Pin To Net: NetName=NetQ3_1 Pin=R11-2
Added Net: Name=NetQ3_1
Added Pin To Net: NetName=NetQ4_1 Pin=R12-2
Added Pin To Net: NetName=NetQ4_1 Pin=R13-2
Added Net: Name=NetQ4_1
Added Pin To Net: NetName=NetR15_2 Pin=R15-2
Added Net: Name=NetR15_2
Added Pin To Net: NetName=NetR22_1 Pin=R22-1
Added Net: Name=NetR22_1
Added Pin To Net: NetName=NetR22_2 Pin=R22-2
Added Net: Name=NetR22_2
Added Pin To Net: NetName=NetR23_1 Pin=R23-1
Added Net: Name=NetR23_1
Added Pin To Net: NetName=NetR24_1 Pin=R24-1
Added Net: Name=NetR24_1
Added Pin To Net: NetName=NetR24_2 Pin=R24-2
Added Net: Name=NetR24_2
Added Pin To Net: NetName=NetR25_1 Pin=R25-1
Added Net: Name=NetR25_1
Added Pin To Net: NetName=NetR26_1 Pin=R26-1
Added Net: Name=NetR26_1
Added Pin To Net: NetName=NetR28_1 Pin=R28-1
Added Net: Name=NetR28_1
Added Pin To Net: NetName=NetR30_1 Pin=R30-1
Added Net: Name=NetR30_1
Added Net: Name=NetU5_3
Added Net: Name=NetU5_4
Added Pin To Net: NetName=RX Pin=R26-2
Added Net: Name=RX
Added Net: Name=SPI1_MISO
Added Net: Name=SPI1_MOSI
Added Net: Name=SPI1_SCK
Added Net: Name=SPI2_MISO
Added Net: Name=SPI2_MOSI
Added Net: Name=SPI2_SCK
Added Net: Name=TIM8_CH1
Added Net: Name=TIM8_CH2
Added Net: Name=TIM8_CH3
Added Net: Name=TIM8_CH4
Added Pin To Net: NetName=TX Pin=R23-2
Added Net: Name=TX
Added Class: Name=COMMUNICATION
Added Class: Name=MCU
Added Class: Name=POWER
Added Class: Name=SENSOR
