Removed Pin From Net: NetName=GND Pin=C1-1
Removed Pin From Net: NetName=GND Pin=C4-1
Removed Pin From Net: NetName=GND Pin=C5-1
Removed Pin From Net: NetName=3V3 Pin=C5-2
Removed Pin From Net: NetName=GND Pin=C6-1
Removed Pin From Net: NetName=GND Pin=C7-1
Removed Pin From Net: NetName=SW1 Pin=DR1-1
Removed Pin From Net: NetName=GND Pin=DR1-2
Removed Pin From Net: NetName=GND Pin=DR2-2
Removed Pin From Net: NetName=GND Pin=DZ1-1
Removed Pin From Net: NetName=GND Pin=E1-2
Removed Pin From Net: NetName=GND Pin=E2-2
Removed Pin From Net: NetName=GND Pin=LED1-2
Removed Pin From Net: NetName=GND Pin=LED2-2
Removed Pin From Net: NetName=GND Pin=Q3-3
Removed Pin From Net: NetName=12V_ADC Pin=R3-2
Removed Pin From Net: NetName=GND Pin=R6-2
Removed Pin From Net: NetName=SW1 Pin=R9-1
Removed Pin From Net: NetName=GND Pin=R10-1
Removed Pin From Net: NetName=GND Pin=R14-1
Removed Pin From Net: NetName=GND Pin=U1-2
Removed Pin From Net: NetName=GND Pin=V1-1
Removed Pin From Net: NetName=3V3 Pin=V1-2
Removed Pin From Net: NetName=GND Pin=ЕчдД1-2
Removed Pin From Net: NetName=GND Pin=ЕчЕї1-2
Added Component: Designator=C31(C 0603_M)
Add component (AddParameter): Name = "BOMУћГЦ"; Value = "ЮоМЋадЬљЦЌЕчШн"; VariantName = "[No Variations]"
Add component (AddParameter): Name = "бЇЯАзЪдД"; Value = "www.ooocke.com"; VariantName = "[No Variations]"
Add component (AddParameter): Name = "АцШЈЙщЪє"; Value = "дДДДПЭ"; VariantName = "[No Variations]"
Added Component: Designator=C32(C 0603_M)
Add component (AddParameter): Name = "BOMУћГЦ"; Value = "ЮоМЋадЬљЦЌЕчШн"; VariantName = "[No Variations]"
Add component (AddParameter): Name = "бЇЯАзЪдД"; Value = "www.ooocke.com"; VariantName = "[No Variations]"
Add component (AddParameter): Name = "АцШЈЙщЪє"; Value = "дДДДПЭ"; VariantName = "[No Variations]"
Added Component: Designator=C33(C 0603_M)
Add component (AddParameter): Name = "BOMУћГЦ"; Value = "ЮоМЋадЬљЦЌЕчШн"; VariantName = "[No Variations]"
Add component (AddParameter): Name = "бЇЯАзЪдД"; Value = "www.ooocke.com"; VariantName = "[No Variations]"
Add component (AddParameter): Name = "АцШЈЙщЪє"; Value = "дДДДПЭ"; VariantName = "[No Variations]"
Added Component: Designator=C34(C 0603_M)
Add component (AddParameter): Name = "BOMУћГЦ"; Value = "ЮоМЋадЬљЦЌЕчШн"; VariantName = "[No Variations]"
Add component (AddParameter): Name = "бЇЯАзЪдД"; Value = "www.ooocke.com"; VariantName = "[No Variations]"
Add component (AddParameter): Name = "АцШЈЙщЪє"; Value = "дДДДПЭ"; VariantName = "[No Variations]"
Added Component: Designator=C35(C 0603_M)
Add component (AddParameter): Name = "BOMУћГЦ"; Value = "ЮоМЋадЬљЦЌЕчШн"; VariantName = "[No Variations]"
Add component (AddParameter): Name = "бЇЯАзЪдД"; Value = "www.ooocke.com"; VariantName = "[No Variations]"
Add component (AddParameter): Name = "АцШЈЙщЪє"; Value = "дДДДПЭ"; VariantName = "[No Variations]"
Added Component: Designator=C36(C 0603_M)
Add component (AddParameter): Name = "BOMУћГЦ"; Value = "ЮоМЋадЬљЦЌЕчШн"; VariantName = "[No Variations]"
Add component (AddParameter): Name = "бЇЯАзЪдД"; Value = "www.ooocke.com"; VariantName = "[No Variations]"
Add component (AddParameter): Name = "АцШЈЙщЪє"; Value = "дДДДПЭ"; VariantName = "[No Variations]"
Added Component: Designator=C37(C 0603_M)
Add component (AddParameter): Name = "BOMУћГЦ"; Value = "ЮоМЋадЬљЦЌЕчШн"; VariantName = "[No Variations]"
Add component (AddParameter): Name = "бЇЯАзЪдД"; Value = "www.ooocke.com"; VariantName = "[No Variations]"
Add component (AddParameter): Name = "АцШЈЙщЪє"; Value = "дДДДПЭ"; VariantName = "[No Variations]"
Added Component: Designator=C38(C 0603_M)
Add component (AddParameter): Name = "BOMУћГЦ"; Value = "ЮоМЋадЬљЦЌЕчШн"; VariantName = "[No Variations]"
Add component (AddParameter): Name = "бЇЯАзЪдД"; Value = "www.ooocke.com"; VariantName = "[No Variations]"
Add component (AddParameter): Name = "АцШЈЙщЪє"; Value = "дДДДПЭ"; VariantName = "[No Variations]"
Added Component: Designator=C39(C 0603_M)
Add component (AddParameter): Name = "BOMУћГЦ"; Value = "ЮоМЋадЬљЦЌЕчШн"; VariantName = "[No Variations]"
Add component (AddParameter): Name = "бЇЯАзЪдД"; Value = "www.ooocke.com"; VariantName = "[No Variations]"
Add component (AddParameter): Name = "АцШЈЙщЪє"; Value = "дДДДПЭ"; VariantName = "[No Variations]"
Added Component: Designator=C40(C 0603_M)
Add component (AddParameter): Name = "BOMУћГЦ"; Value = "ЮоМЋадЬљЦЌЕчШн"; VariantName = "[No Variations]"
Add component (AddParameter): Name = "бЇЯАзЪдД"; Value = "www.ooocke.com"; VariantName = "[No Variations]"
Add component (AddParameter): Name = "АцШЈЙщЪє"; Value = "дДДДПЭ"; VariantName = "[No Variations]"
Added Component: Designator=C41(C 0603_M)
Add component (AddParameter): Name = "BOMУћГЦ"; Value = "ЮоМЋадЬљЦЌЕчШн"; VariantName = "[No Variations]"
Add component (AddParameter): Name = "бЇЯАзЪдД"; Value = "www.ooocke.com"; VariantName = "[No Variations]"
Add component (AddParameter): Name = "АцШЈЙщЪє"; Value = "дДДДПЭ"; VariantName = "[No Variations]"
Added Component: Designator=C42(C 0603_L)
Add component (AddParameter): Name = "BOMУћГЦ"; Value = "ЮоМЋадЬљЦЌЕчШн"; VariantName = "[No Variations]"
Add component (AddParameter): Name = "бЇЯАзЪдД"; Value = "www.ooocke.com"; VariantName = "[No Variations]"
Add component (AddParameter): Name = "АцШЈЙщЪє"; Value = "дДДДПЭ"; VariantName = "[No Variations]"
Added Component: Designator=J6(HDR2.54-LI-4P)
Added Component: Designator=LED3(LED 0805G)
Add component (AddParameter): Name = "BOMУћГЦ"; Value = "ЬљЦЌLED"; VariantName = "[No Variations]"
Add component (AddParameter): Name = "бЇЯАзЪдД"; Value = "www.ooocke.com"; VariantName = "[No Variations]"
Add component (AddParameter): Name = "АцШЈЙщЪє"; Value = "дДДДПЭ"; VariantName = "[No Variations]"
Added Component: Designator=R25(R 0805_L)
Add component (AddParameter): Name = "BOMУћГЦ"; Value = "ЬљЦЌЕчзш"; VariantName = "[No Variations]"
Add component (AddParameter): Name = "бЇЯАзЪдД"; Value = "www.ooocke.com"; VariantName = "[No Variations]"
Add component (AddParameter): Name = "АцШЈЙщЪє"; Value = "дДДДПЭ"; VariantName = "[No Variations]"
Added Component: Designator=R26(R 0603_L)
Add component (AddParameter): Name = "BOMУћГЦ"; Value = "ЬљЦЌЕчзш"; VariantName = "[No Variations]"
Add component (AddParameter): Name = "бЇЯАзЪдД"; Value = "www.ooocke.com"; VariantName = "[No Variations]"
Add component (AddParameter): Name = "АцШЈЙщЪє"; Value = "дДДДПЭ"; VariantName = "[No Variations]"
Added Component: Designator=R27(R 0603_L)
Add component (AddParameter): Name = "BOMУћГЦ"; Value = "ЬљЦЌЕчзш"; VariantName = "[No Variations]"
Add component (AddParameter): Name = "бЇЯАзЪдД"; Value = "www.ooocke.com"; VariantName = "[No Variations]"
Add component (AddParameter): Name = "АцШЈЙщЪє"; Value = "дДДДПЭ"; VariantName = "[No Variations]"
Added Component: Designator=R28(R 0603_L)
Add component (AddParameter): Name = "BOMУћГЦ"; Value = "ЬљЦЌЕчзш"; VariantName = "[No Variations]"
Add component (AddParameter): Name = "бЇЯАзЪдД"; Value = "www.ooocke.com"; VariantName = "[No Variations]"
Add component (AddParameter): Name = "АцШЈЙщЪє"; Value = "дДДДПЭ"; VariantName = "[No Variations]"
Added Component: Designator=U8(STM-LQFP64_N)
Add component (AddParameter): Name = "ComponentLink1Description"; Value = "Manufacturer URL"; VariantName = "[No Variations]"
Add component (AddParameter): Name = "ComponentLink1URL"; Value = "http://www.st.com/web/en/home.html"; VariantName = "[No Variations]"
Add component (AddParameter): Name = "ComponentLink2Description"; Value = "Datasheet"; VariantName = "[No Variations]"
Add component (AddParameter): Name = "ComponentLink2URL"; Value = "http://www.st.com/st-web-ui/static/active/en/resource/technical/document/datasheet/DM00037051.pdf"; VariantName = "[No Variations]"
Add component (AddParameter): Name = "ComponentLink3Description"; Value = "Package Specification"; VariantName = "[No Variations]"
Add component (AddParameter): Name = "ComponentLink3URL"; Value = "http://www.st.com/st-web-ui/static/active/en/resource/technical/document/datasheet/DM00037051.pdf"; VariantName = "[No Variations]"
Add component (AddParameter): Name = "Core"; Value = "ARM Cortex-M4"; VariantName = "[No Variations]"
Add component (AddParameter): Name = "D/A Converter"; Value = "2x12-bit"; VariantName = "[No Variations]"
Add component (AddParameter): Name = "DatasheetVersion"; Value = "Rev. 4"; VariantName = "[No Variations]"
Add component (AddParameter): Name = "FLASH Size (Prog) (kB)"; Value = "1024"; VariantName = "[No Variations]"
Add component (AddParameter): Name = "I/Os (High Current)"; Value = "51"; VariantName = "[No Variations]"
Add component (AddParameter): Name = "Internal RAM Size (kB)"; Value = "192"; VariantName = "[No Variations]"
Add component (AddParameter): Name = "Manufacturer"; Value = "STMicroelectronics"; VariantName = "[No Variations]"
Add component (AddParameter): Name = "Mounting Technology"; Value = "Surface Mount"; VariantName = "[No Variations]"
Add component (AddParameter): Name = "Operating Frequency(F) (Processor speed) (MHz)"; Value = "168"; VariantName = "[No Variations]"
Add component (AddParameter): Name = "PackageDescription"; Value = "64-Pin Low Profile Quad Flat Package, 10 x 10 mm Body, 0.5 mm Pitch"; VariantName = "[No Variations]"
Add component (AddParameter): Name = "PackageReference"; Value = "LQFP64"; VariantName = "[No Variations]"
Add component (AddParameter): Name = "PackageVersion"; Value = "Rev. 4, 06/2013"; VariantName = "[No Variations]"
Add component (AddParameter): Name = "Packing"; Value = "Tray"; VariantName = "[No Variations]"
Add component (AddParameter): Name = "PartNumber"; Value = "STM32F405RGT6"; VariantName = "[No Variations]"
Add component (AddParameter): Name = "Supplier 1"; Value = "Digi-Key"; VariantName = "[No Variations]"
Add component (AddParameter): Name = "Supplier 2"; Value = "Farnell"; VariantName = "[No Variations]"
Add component (AddParameter): Name = "Supplier 3"; Value = "Newark"; VariantName = "[No Variations]"
Add component (AddParameter): Name = "Supplier 4"; Value = "Mouser"; VariantName = "[No Variations]"
Add component (AddParameter): Name = "Supplier Part Number 1"; Value = "497-11767-ND"; VariantName = "[No Variations]"
Add component (AddParameter): Name = "Supplier Part Number 2"; Value = "2064363"; VariantName = "[No Variations]"
Add component (AddParameter): Name = "Supplier Part Number 3"; Value = "73T2329"; VariantName = "[No Variations]"
Add component (AddParameter): Name = "Supplier Part Number 4"; Value = "511-STM32F405RGT6"; VariantName = "[No Variations]"
Add component (AddParameter): Name = "Supply Voltage(Vcc) max (V)"; Value = "3.6"; VariantName = "[No Variations]"
Add component (AddParameter): Name = "Supply Voltage(Vcc) min (V)"; Value = "1.8"; VariantName = "[No Variations]"
Added Component: Designator=X2(OSC 3225-4P)
Add component (AddParameter): Name = "BOMУћГЦ"; Value = "4НХЮодДОЇеё"; VariantName = "[No Variations]"
Add component (AddParameter): Name = "бЇЯАзЪдД"; Value = "www.ooocke.com"; VariantName = "[No Variations]"
Add component (AddParameter): Name = "АцШЈЙщЪє"; Value = "дДДДПЭ"; VariantName = "[No Variations]"
Added Pin To Net: NetName=GND Pin=C31-1
Added Pin To Net: NetName=GND Pin=C32-1
Added Pin To Net: NetName=GND Pin=C33-1
Added Pin To Net: NetName=GND Pin=C34-1
Added Pin To Net: NetName=GND Pin=C35-1
Added Pin To Net: NetName=GND Pin=C36-1
Added Pin To Net: NetName=GND Pin=C37-1
Added Pin To Net: NetName=GND Pin=C38-1
Added Pin To Net: NetName=GND Pin=C39-1
Added Pin To Net: NetName=GND Pin=C41-1
Added Pin To Net: NetName=GND Pin=C42-1
Added Pin To Net: NetName=GND Pin=J6-4
Added Pin To Net: NetName=GND Pin=LED3-2
Added Pin To Net: NetName=3V3 Pin=R25-1
Added Pin To Net: NetName=GND Pin=R26-2
Added Pin To Net: NetName=GND Pin=U8-12
Added Pin To Net: NetName=12V_ADC Pin=U8-14
Added Pin To Net: NetName=GND Pin=U8-18
Added Pin To Net: NetName=SW1 Pin=U8-26
Added Pin To Net: NetName=GND Pin=U8-63
Added Pin To Net: NetName=GND Pin=X2-2
Added Pin To Net: NetName=GND Pin=X2-4
Added Pin To Net: NetName=3V3_MCU Pin=C31-2
Added Pin To Net: NetName=3V3_MCU Pin=C32-2
Added Pin To Net: NetName=3V3_MCU Pin=C33-2
Added Pin To Net: NetName=3V3_MCU Pin=C34-2
Added Pin To Net: NetName=3V3_MCU Pin=C35-2
Added Pin To Net: NetName=3V3_MCU Pin=C36-2
Added Pin To Net: NetName=3V3_MCU Pin=C37-2
Added Pin To Net: NetName=3V3_MCU Pin=C40-1
Added Pin To Net: NetName=3V3_MCU Pin=J6-1
Added Pin To Net: NetName=3V3_MCU Pin=R25-2
Added Pin To Net: NetName=3V3_MCU Pin=R27-2
Added Pin To Net: NetName=3V3_MCU Pin=U8-1
Added Pin To Net: NetName=3V3_MCU Pin=U8-13
Added Pin To Net: NetName=3V3_MCU Pin=U8-19
Added Pin To Net: NetName=3V3_MCU Pin=U8-32
Added Pin To Net: NetName=3V3_MCU Pin=U8-48
Added Pin To Net: NetName=3V3_MCU Pin=U8-64
Added Net: Name=3V3_MCU
Added Pin To Net: NetName=BMP_CS Pin=U8-30
Added Net: Name=BMP_CS
Added Pin To Net: NetName=ICM_CS Pin=U8-20
Added Net: Name=ICM_CS
Added Pin To Net: NetName=LoRa_CS Pin=U8-33
Added Net: Name=LoRa_CS
Added Pin To Net: NetName=NetC38_2 Pin=C38-2
Added Pin To Net: NetName=NetC38_2 Pin=U8-5
Added Pin To Net: NetName=NetC38_2 Pin=X2-3
Added Net: Name=NetC38_2
Added Pin To Net: NetName=NetC39_2 Pin=C39-2
Added Pin To Net: NetName=NetC39_2 Pin=U8-6
Added Pin To Net: NetName=NetC39_2 Pin=X2-1
Added Net: Name=NetC39_2
Added Pin To Net: NetName=NetC40_2 Pin=C40-2
Added Pin To Net: NetName=NetC40_2 Pin=R27-1
Added Pin To Net: NetName=NetC40_2 Pin=U8-7
Added Net: Name=NetC40_2
Added Pin To Net: NetName=NetC41_2 Pin=C41-2
Added Pin To Net: NetName=NetC41_2 Pin=U8-47
Added Net: Name=NetC41_2
Added Pin To Net: NetName=NetC42_2 Pin=C42-2
Added Pin To Net: NetName=NetC42_2 Pin=U8-31
Added Net: Name=NetC42_2
Added Pin To Net: NetName=NetJ6_2 Pin=J6-2
Added Pin To Net: NetName=NetJ6_2 Pin=U8-46
Added Net: Name=NetJ6_2
Added Pin To Net: NetName=NetJ6_3 Pin=J6-3
Added Pin To Net: NetName=NetJ6_3 Pin=U8-49
Added Net: Name=NetJ6_3
Added Pin To Net: NetName=NetLED3_1 Pin=LED3-1
Added Pin To Net: NetName=NetLED3_1 Pin=R28-2
Added Net: Name=NetLED3_1
Added Pin To Net: NetName=NetR26_1 Pin=R26-1
Added Pin To Net: NetName=NetR26_1 Pin=U8-60
Added Net: Name=NetR26_1
Added Pin To Net: NetName=NetR28_1 Pin=R28-1
Added Pin To Net: NetName=NetR28_1 Pin=U8-2
Added Net: Name=NetR28_1
Added Pin To Net: NetName=RX Pin=U8-43
Added Net: Name=RX
Added Pin To Net: NetName=SPI1_MISO Pin=U8-22
Added Net: Name=SPI1_MISO
Added Pin To Net: NetName=SPI1_MOSI Pin=U8-23
Added Net: Name=SPI1_MOSI
Added Pin To Net: NetName=SPI1_SCK Pin=U8-21
Added Net: Name=SPI1_SCK
Added Pin To Net: NetName=SPI2_MISO Pin=U8-35
Added Net: Name=SPI2_MISO
Added Pin To Net: NetName=SPI2_MOSI Pin=U8-36
Added Net: Name=SPI2_MOSI
Added Pin To Net: NetName=SPI2_SCK Pin=U8-34
Added Net: Name=SPI2_SCK
Added Pin To Net: NetName=TIM8_CH1 Pin=U8-37
Added Net: Name=TIM8_CH1
Added Pin To Net: NetName=TIM8_CH2 Pin=U8-38
Added Net: Name=TIM8_CH2
Added Pin To Net: NetName=TIM8_CH3 Pin=U8-39
Added Net: Name=TIM8_CH3
Added Pin To Net: NetName=TIM8_CH4 Pin=U8-40
Added Net: Name=TIM8_CH4
Added Pin To Net: NetName=TX Pin=U8-42
Added Net: Name=TX
