Added Component: Designator=C1(C 0805_L)
Add component (AddParameter): Name = "BOMУћГЦ"; Value = "ЮоМЋадЬљЦЌЕчШн"; VariantName = "[No Variations]"
Add component (AddParameter): Name = "бЇЯАзЪдД"; Value = "www.ooocke.com"; VariantName = "[No Variations]"
Add component (AddParameter): Name = "АцШЈЙщЪє"; Value = "дДДДПЭ"; VariantName = "[No Variations]"
Added Component: Designator=C2(C 0805_L)
Add component (AddParameter): Name = "BOMУћГЦ"; Value = "ЮоМЋадЬљЦЌЕчШн"; VariantName = "[No Variations]"
Add component (AddParameter): Name = "бЇЯАзЪдД"; Value = "www.ooocke.com"; VariantName = "[No Variations]"
Add component (AddParameter): Name = "АцШЈЙщЪє"; Value = "дДДДПЭ"; VariantName = "[No Variations]"
Added Component: Designator=C3(C 0805_L)
Add component (AddParameter): Name = "BOMУћГЦ"; Value = "ЮоМЋадЬљЦЌЕчШн"; VariantName = "[No Variations]"
Add component (AddParameter): Name = "бЇЯАзЪдД"; Value = "www.ooocke.com"; VariantName = "[No Variations]"
Add component (AddParameter): Name = "АцШЈЙщЪє"; Value = "дДДДПЭ"; VariantName = "[No Variations]"
Added Component: Designator=C4(C 0805_L)
Add component (AddParameter): Name = "BOMУћГЦ"; Value = "ЮоМЋадЬљЦЌЕчШн"; VariantName = "[No Variations]"
Add component (AddParameter): Name = "бЇЯАзЪдД"; Value = "www.ooocke.com"; VariantName = "[No Variations]"
Add component (AddParameter): Name = "АцШЈЙщЪє"; Value = "дДДДПЭ"; VariantName = "[No Variations]"
Added Component: Designator=C5(C 0805_L)
Add component (AddParameter): Name = "BOMУћГЦ"; Value = "ЮоМЋадЬљЦЌЕчШн"; VariantName = "[No Variations]"
Add component (AddParameter): Name = "бЇЯАзЪдД"; Value = "www.ooocke.com"; VariantName = "[No Variations]"
Add component (AddParameter): Name = "АцШЈЙщЪє"; Value = "дДДДПЭ"; VariantName = "[No Variations]"
Added Component: Designator=C6(C 0805_L)
Add component (AddParameter): Name = "BOMУћГЦ"; Value = "ЮоМЋадЬљЦЌЕчШн"; VariantName = "[No Variations]"
Add component (AddParameter): Name = "бЇЯАзЪдД"; Value = "www.ooocke.com"; VariantName = "[No Variations]"
Add component (AddParameter): Name = "АцШЈЙщЪє"; Value = "дДДДПЭ"; VariantName = "[No Variations]"
Added Component: Designator=C7(C 0805_L)
Add component (AddParameter): Name = "BOMУћГЦ"; Value = "ЮоМЋадЬљЦЌЕчШн"; VariantName = "[No Variations]"
Add component (AddParameter): Name = "бЇЯАзЪдД"; Value = "www.ooocke.com"; VariantName = "[No Variations]"
Add component (AddParameter): Name = "АцШЈЙщЪє"; Value = "дДДДПЭ"; VariantName = "[No Variations]"
Added Component: Designator=DR1(SOD-323)
Add component (AddParameter): Name = "BOMУћГЦ"; Value = "ЫВЬЌЕчбЙвжжЦЖўМЋЙм"; VariantName = "[No Variations]"
Add component (AddParameter): Name = "бЇЯАзЪдД"; Value = "www.ooocke.com"; VariantName = "[No Variations]"
Add component (AddParameter): Name = "АцШЈЙщЪє"; Value = "дДДДПЭ"; VariantName = "[No Variations]"
Added Component: Designator=DR2(DO-15)
Add component (AddParameter): Name = "BOMУћГЦ"; Value = "ЫВЬЌЕчбЙвжжЦЖўМЋЙм"; VariantName = "[No Variations]"
Add component (AddParameter): Name = "бЇЯАзЪдД"; Value = "www.ooocke.com"; VariantName = "[No Variations]"
Add component (AddParameter): Name = "АцШЈЙщЪє"; Value = "дДДДПЭ"; VariantName = "[No Variations]"
Added Component: Designator=DZ1(DO-35)
Add component (AddParameter): Name = "BOMУћГЦ"; Value = "30V/0.5WЮШбЙЙм"; VariantName = "[No Variations]"
Add component (AddParameter): Name = "бЇЯАзЪдД"; Value = "www.ooocke.com"; VariantName = "[No Variations]"
Add component (AddParameter): Name = "АцШЈЙщЪє"; Value = "дДДДПЭ"; VariantName = "[No Variations]"
Added Component: Designator=E1(CS 2.0*5*8 - C)
Add component (AddParameter): Name = "BOMУћГЦ"; Value = "жБВхЙЬЬЌЕчШн"; VariantName = "[No Variations]"
Add component (AddParameter): Name = "бЇЯАзЪдД"; Value = "www.ooocke.com"; VariantName = "[No Variations]"
Add component (AddParameter): Name = "АцШЈЙщЪє"; Value = "дДДДПЭ"; VariantName = "[No Variations]"
Added Component: Designator=E2(CS 2.0*5*8 - C)
Add component (AddParameter): Name = "BOMУћГЦ"; Value = "жБВхЙЬЬЌЕчШн"; VariantName = "[No Variations]"
Add component (AddParameter): Name = "бЇЯАзЪдД"; Value = "www.ooocke.com"; VariantName = "[No Variations]"
Add component (AddParameter): Name = "АцШЈЙщЪє"; Value = "дДДДПЭ"; VariantName = "[No Variations]"
Add Component: Footprint Not Found CD31
Add Component: Footprint Not Found LED 0805G
Add Component: Footprint Not Found LED 0805G
Added Component: Designator=Q1(TDSON-8_L5.9-W5.2-P1.27-BL)
Add component (AddParameter): Name = "Contributor"; Value = "lcsc"; VariantName = "[No Variations]"
Add component (AddParameter): Name = "JLCPCB Part Class"; Value = "Extended Part"; VariantName = "[No Variations]"
Add component (AddParameter): Name = "Manufacturer"; Value = "MSKSEMI(УРЩ­ПЦ)"; VariantName = "[No Variations]"
Add component (AddParameter): Name = "Manufacturer Part"; Value = "AON6407-MS"; VariantName = "[No Variations]"
Add component (AddParameter): Name = "spicePre"; Value = "Q"; VariantName = "[No Variations]"
Add component (AddParameter): Name = "spiceSymbolName"; Value = "AON6407-MS"; VariantName = "[No Variations]"
Add component (AddParameter): Name = "Supplier"; Value = "LCSC"; VariantName = "[No Variations]"
Add component (AddParameter): Name = "Supplier Part"; Value = "C17702953"; VariantName = "[No Variations]"
Added Component: Designator=Q2(TDSON-8_L5.9-W5.2-P1.27-BL)
Add component (AddParameter): Name = "Contributor"; Value = "lcsc"; VariantName = "[No Variations]"
Add component (AddParameter): Name = "JLCPCB Part Class"; Value = "Extended Part"; VariantName = "[No Variations]"
Add component (AddParameter): Name = "Manufacturer"; Value = "MSKSEMI(УРЩ­ПЦ)"; VariantName = "[No Variations]"
Add component (AddParameter): Name = "Manufacturer Part"; Value = "AON6407-MS"; VariantName = "[No Variations]"
Add component (AddParameter): Name = "spicePre"; Value = "Q"; VariantName = "[No Variations]"
Add component (AddParameter): Name = "spiceSymbolName"; Value = "AON6407-MS"; VariantName = "[No Variations]"
Add component (AddParameter): Name = "Supplier"; Value = "LCSC"; VariantName = "[No Variations]"
Add component (AddParameter): Name = "Supplier Part"; Value = "C17702953"; VariantName = "[No Variations]"
Added Component: Designator=Q3(SOT-23)
Add component (AddParameter): Name = "BOMУћГЦ"; Value = "NЙЕГЁаЇгІЙм"; VariantName = "[No Variations]"
Add component (AddParameter): Name = "бЇЯАзЪдД"; Value = "www.ooocke.com"; VariantName = "[No Variations]"
Add component (AddParameter): Name = "АцШЈЙщЪє"; Value = "дДДДПЭ"; VariantName = "[No Variations]"
Added Component: Designator=Q4(TDSON-8_L5.9-W5.2-P1.27-BL)
Add component (AddParameter): Name = "Contributor"; Value = "lcsc"; VariantName = "[No Variations]"
Add component (AddParameter): Name = "JLCPCB Part Class"; Value = "Extended Part"; VariantName = "[No Variations]"
Add component (AddParameter): Name = "Manufacturer"; Value = "MSKSEMI(УРЩ­ПЦ)"; VariantName = "[No Variations]"
Add component (AddParameter): Name = "Manufacturer Part"; Value = "AON6407-MS"; VariantName = "[No Variations]"
Add component (AddParameter): Name = "spicePre"; Value = "Q"; VariantName = "[No Variations]"
Add component (AddParameter): Name = "spiceSymbolName"; Value = "AON6407-MS"; VariantName = "[No Variations]"
Add component (AddParameter): Name = "Supplier"; Value = "LCSC"; VariantName = "[No Variations]"
Add component (AddParameter): Name = "Supplier Part"; Value = "C17702953"; VariantName = "[No Variations]"
Added Component: Designator=R1(R 0805_L)
Add component (AddParameter): Name = "BOMУћГЦ"; Value = "ЬљЦЌЕчзш"; VariantName = "[No Variations]"
Add component (AddParameter): Name = "бЇЯАзЪдД"; Value = "www.ooocke.com"; VariantName = "[No Variations]"
Add component (AddParameter): Name = "АцШЈЙщЪє"; Value = "дДДДПЭ"; VariantName = "[No Variations]"
Added Component: Designator=R2(R 0805_L)
Add component (AddParameter): Name = "BOMУћГЦ"; Value = "ЬљЦЌЕчзш"; VariantName = "[No Variations]"
Add component (AddParameter): Name = "бЇЯАзЪдД"; Value = "www.ooocke.com"; VariantName = "[No Variations]"
Add component (AddParameter): Name = "АцШЈЙщЪє"; Value = "дДДДПЭ"; VariantName = "[No Variations]"
Added Component: Designator=R3(R 0805_L)
Add component (AddParameter): Name = "BOMУћГЦ"; Value = "ЬљЦЌЕчзш"; VariantName = "[No Variations]"
Add component (AddParameter): Name = "бЇЯАзЪдД"; Value = "www.ooocke.com"; VariantName = "[No Variations]"
Add component (AddParameter): Name = "АцШЈЙщЪє"; Value = "дДДДПЭ"; VariantName = "[No Variations]"
Added Component: Designator=R4(R 0805_L)
Add component (AddParameter): Name = "BOMУћГЦ"; Value = "ЬљЦЌЕчзш"; VariantName = "[No Variations]"
Add component (AddParameter): Name = "бЇЯАзЪдД"; Value = "www.ooocke.com"; VariantName = "[No Variations]"
Add component (AddParameter): Name = "АцШЈЙщЪє"; Value = "дДДДПЭ"; VariantName = "[No Variations]"
Added Component: Designator=R6(R 0805_L)
Add component (AddParameter): Name = "BOMУћГЦ"; Value = "ЬљЦЌЕчзш"; VariantName = "[No Variations]"
Add component (AddParameter): Name = "бЇЯАзЪдД"; Value = "www.ooocke.com"; VariantName = "[No Variations]"
Add component (AddParameter): Name = "АцШЈЙщЪє"; Value = "дДДДПЭ"; VariantName = "[No Variations]"
Added Component: Designator=R7(R 0805_L)
Add component (AddParameter): Name = "BOMУћГЦ"; Value = "ЬљЦЌЕчзш"; VariantName = "[No Variations]"
Add component (AddParameter): Name = "бЇЯАзЪдД"; Value = "www.ooocke.com"; VariantName = "[No Variations]"
Add component (AddParameter): Name = "АцШЈЙщЪє"; Value = "дДДДПЭ"; VariantName = "[No Variations]"
Added Component: Designator=R8(R 0805_L)
Add component (AddParameter): Name = "BOMУћГЦ"; Value = "ЬљЦЌЕчзш"; VariantName = "[No Variations]"
Add component (AddParameter): Name = "бЇЯАзЪдД"; Value = "www.ooocke.com"; VariantName = "[No Variations]"
Add component (AddParameter): Name = "АцШЈЙщЪє"; Value = "дДДДПЭ"; VariantName = "[No Variations]"
Added Component: Designator=R9(R 0805_L)
Add component (AddParameter): Name = "BOMУћГЦ"; Value = "ЬљЦЌЕчзш"; VariantName = "[No Variations]"
Add component (AddParameter): Name = "бЇЯАзЪдД"; Value = "www.ooocke.com"; VariantName = "[No Variations]"
Add component (AddParameter): Name = "АцШЈЙщЪє"; Value = "дДДДПЭ"; VariantName = "[No Variations]"
Added Component: Designator=R10(R 0805_L)
Add component (AddParameter): Name = "BOMУћГЦ"; Value = "ЬљЦЌЕчзш"; VariantName = "[No Variations]"
Add component (AddParameter): Name = "бЇЯАзЪдД"; Value = "www.ooocke.com"; VariantName = "[No Variations]"
Add component (AddParameter): Name = "АцШЈЙщЪє"; Value = "дДДДПЭ"; VariantName = "[No Variations]"
Added Component: Designator=R11(R 0805_L)
Add component (AddParameter): Name = "BOMУћГЦ"; Value = "ЬљЦЌЕчзш"; VariantName = "[No Variations]"
Add component (AddParameter): Name = "бЇЯАзЪдД"; Value = "www.ooocke.com"; VariantName = "[No Variations]"
Add component (AddParameter): Name = "АцШЈЙщЪє"; Value = "дДДДПЭ"; VariantName = "[No Variations]"
Added Component: Designator=R12(R 0603_L)
Add component (AddParameter): Name = "BOMУћГЦ"; Value = "ЬљЦЌЕчзш"; VariantName = "[No Variations]"
Add component (AddParameter): Name = "бЇЯАзЪдД"; Value = "www.ooocke.com"; VariantName = "[No Variations]"
Add component (AddParameter): Name = "АцШЈЙщЪє"; Value = "дДДДПЭ"; VariantName = "[No Variations]"
Added Component: Designator=R13(R 0805_L)
Add component (AddParameter): Name = "BOMУћГЦ"; Value = "ЬљЦЌЕчзш"; VariantName = "[No Variations]"
Add component (AddParameter): Name = "бЇЯАзЪдД"; Value = "www.ooocke.com"; VariantName = "[No Variations]"
Add component (AddParameter): Name = "АцШЈЙщЪє"; Value = "дДДДПЭ"; VariantName = "[No Variations]"
Added Component: Designator=R14(R 0805_L)
Add component (AddParameter): Name = "BOMУћГЦ"; Value = "ЬљЦЌЕчзш"; VariantName = "[No Variations]"
Add component (AddParameter): Name = "бЇЯАзЪдД"; Value = "www.ooocke.com"; VariantName = "[No Variations]"
Add component (AddParameter): Name = "АцШЈЙщЪє"; Value = "дДДДПЭ"; VariantName = "[No Variations]"
Added Component: Designator=R?(R 0805_L)
Add component (AddParameter): Name = "BOMУћГЦ"; Value = "ЬљЦЌЕчзш"; VariantName = "[No Variations]"
Add component (AddParameter): Name = "бЇЯАзЪдД"; Value = "www.ooocke.com"; VariantName = "[No Variations]"
Add component (AddParameter): Name = "АцШЈЙщЪє"; Value = "дДДДПЭ"; VariantName = "[No Variations]"
Add Component: Footprint Not Found SOT-23-6_L2.9-W1.6-P0.95-LS2.8-BL
Add Component: Footprint Not Found SOT223_L
Added Pin To Net: NetName=GND Pin=C1-1
Added Pin To Net: NetName=NetC1_2 Pin=C1-2
Added Pin To Net: NetName=NetC2_1 Pin=C2-1
Added Pin To Net: NetName=NetC2_2 Pin=C2-2
Added Pin To Net: NetName=NetC3_1 Pin=C3-1
Added Pin To Net: NetName=5V Pin=C3-2
Added Pin To Net: NetName=GND Pin=C4-1
Added Pin To Net: NetName=5V Pin=C4-2
Added Pin To Net: NetName=GND Pin=C5-1
Added Pin To Net: NetName=3V3 Pin=C5-2
Added Pin To Net: NetName=GND Pin=C6-1
Added Pin To Net: NetName=12V Pin=C6-2
Added Pin To Net: NetName=GND Pin=C7-1
Added Pin To Net: NetName=5V Pin=C7-2
Added Pin To Net: NetName=SW1 Pin=DR1-1
Added Pin To Net: NetName=GND Pin=DR1-2
Added Pin To Net: NetName=12V Pin=DR2-1
Added Pin To Net: NetName=GND Pin=DR2-2
Added Pin To Net: NetName=GND Pin=DZ1-1
Added Pin To Net: NetName=NetC2_1 Pin=DZ1-2
Added Pin To Net: NetName=12V Pin=E1-1
Added Pin To Net: NetName=GND Pin=E1-2
Added Pin To Net: NetName=5V Pin=E2-1
Added Pin To Net: NetName=GND Pin=E2-2
Add Pin To Net: Unknown Pin: Pin L1-1
Add Pin To Net: Unknown Pin: Pin L1-2
Add Pin To Net: Unknown Pin: Pin LED1-1
Add Pin To Net: Unknown Pin: Pin LED1-2
Add Pin To Net: Unknown Pin: Pin LED2-1
Add Pin To Net: Unknown Pin: Pin LED2-2
Added Pin To Net: NetName=12V Pin=Q1-1
Added Pin To Net: NetName=12V Pin=Q1-2
Added Pin To Net: NetName=12V Pin=Q1-3
Added Pin To Net: NetName=NetQ1_4 Pin=Q1-4
Added Pin To Net: NetName=NetQ1_5 Pin=Q1-5
Added Pin To Net: NetName=12V Pin=Q2-1
Added Pin To Net: NetName=12V Pin=Q2-2
Added Pin To Net: NetName=12V Pin=Q2-3
Added Pin To Net: NetName=NetQ2_4 Pin=Q2-4
Added Pin To Net: NetName=NetQ1_5 Pin=Q2-5
Added Pin To Net: NetName=NetQ3_1 Pin=Q3-1
Added Pin To Net: NetName=12V Pin=Q3-2
Added Pin To Net: NetName=GND Pin=Q3-3
Added Pin To Net: NetName=12V Pin=Q4-1
Added Pin To Net: NetName=12V Pin=Q4-2
Added Pin To Net: NetName=12V Pin=Q4-3
Added Pin To Net: NetName=NetQ4_4 Pin=Q4-4
Added Pin To Net: NetName=NetQ1_5 Pin=Q4-5
Added Pin To Net: NetName=NetC1_2 Pin=R1-1
Added Pin To Net: NetName=12V Pin=R1-2
Added Pin To Net: NetName=NetC1_2 Pin=R2-1
Added Pin To Net: NetName=12V_ADC Pin=R2-2
Added Pin To Net: NetName=12V_COM Pin=R3-1
Added Pin To Net: NetName=NetQ1_4 Pin=R3-2
Added Pin To Net: NetName=12V Pin=R4-1
Added Pin To Net: NetName=NetLED1_1 Pin=R4-2
Added Pin To Net: NetName=NetC1_2 Pin=R6-1
Added Pin To Net: NetName=GND Pin=R6-2
Added Pin To Net: NetName=NetQ1_5 Pin=R7-1
Added Pin To Net: NetName=NetLED2_1 Pin=R7-2
Added Pin To Net: NetName=12V_COM Pin=R8-1
Added Pin To Net: NetName=NetQ2_4 Pin=R8-2
Added Pin To Net: NetName=SW1 Pin=R9-1
Added Pin To Net: NetName=NetQ3_1 Pin=R9-2
Added Pin To Net: NetName=GND Pin=R10-1
Added Pin To Net: NetName=NetQ3_1 Pin=R10-2
Added Pin To Net: NetName=12V_COM Pin=R11-1
Added Pin To Net: NetName=NetQ4_4 Pin=R11-2
Added Pin To Net: NetName=NetC3_1 Pin=R12-1
Added Pin To Net: NetName=5V Pin=R12-2
Added Pin To Net: NetName=12V Pin=R13-1
Added Pin To Net: NetName=NetR13_2 Pin=R13-2
Added Pin To Net: NetName=GND Pin=R14-1
Added Pin To Net: NetName=NetC3_1 Pin=R14-2
Added Pin To Net: NetName=12V Pin=R?-1
Added Pin To Net: NetName=12V_COM Pin=R?-2
Add Pin To Net: Unknown Pin: Pin U1-1
Add Pin To Net: Unknown Pin: Pin U1-2
Add Pin To Net: Unknown Pin: Pin U1-3
Add Pin To Net: Unknown Pin: Pin U1-4
Add Pin To Net: Unknown Pin: Pin U1-5
Add Pin To Net: Unknown Pin: Pin U1-6
Add Pin To Net: Unknown Pin: Pin V1-1
Add Pin To Net: Unknown Pin: Pin V1-2
Add Pin To Net: Unknown Pin: Pin V1-3
