Removed Pin From Net: NetName=3V3_MCU Pin=C31-2
Removed Pin From Net: NetName=3V3_MCU Pin=C32-2
Removed Pin From Net: NetName=3V3_MCU Pin=C33-2
Removed Pin From Net: NetName=3V3_MCU Pin=C34-2
Removed Pin From Net: NetName=3V3_MCU Pin=C35-2
Removed Pin From Net: NetName=3V3_MCU Pin=C36-2
Removed Pin From Net: NetName=3V3_MCU Pin=C37-2
Removed Pin From Net: NetName=3V3_MCU Pin=C40-1
Removed Pin From Net: NetName=3V3_MCU Pin=R25-2
Removed Pin From Net: NetName=3V3_MCU Pin=R27-2
Removed Pin From Net: NetName=3V3_MCU Pin=U8-1
Removed Pin From Net: NetName=3V3_MCU Pin=U8-13
Removed Pin From Net: NetName=3V3_MCU Pin=U8-19
Removed Pin From Net: NetName=3V3_MCU Pin=U8-32
Removed Pin From Net: NetName=3V3_MCU Pin=U8-48
Removed Pin From Net: NetName=3V3_MCU Pin=U8-64
Removed Pin From Net: NetName=3V3_MCU Pin=µçÔ´1-2
Add Component: Footprint Not Found SMA-KE-LI
Add Component: Footprint Not Found CD31
Add Component: Footprint Not Found L 0805
Add Component: Footprint Not Found L 0805
Add Component: Footprint Not Found L 0805
Add Component: Footprint Not Found L 0805
Add Component: Footprint Not Found L 0805
Add Component: Footprint Not Found L 0805
Add Component: Footprint Not Found LED 0805G
Add Component: Footprint Not Found LED 0805G
Add Component: Footprint Not Found LED 0805G
Added Component: Designator=Q3(TO220A)
Add Component: Footprint Not Found SOT-23-6_L2.9-W1.6-P0.95-LS2.8-BL
Add Component: Footprint Not Found LGA-16_L3.0-W3.0-P0.50-BL
Add Component: Footprint Not Found LGA-8_L2.5-W2.0-P0.65_AMP6127
Add Component: Footprint Not Found SC-70-6_L2.2-W1.3-P0.65-LS2.1-BL
Add Component: Footprint Not Found USB-C-SMD_G-SWITCH_GT-USB-7010ASV
Add Component: Footprint Not Found OSC 1612-4P
Add Component: Footprint Not Found OSC 1612-4P
Add Pin To Net: Unknown Pin: Pin J5-1
Add Pin To Net: Unknown Pin: Pin J5-2
Add Pin To Net: Unknown Pin: Pin J5-3
Add Pin To Net: Unknown Pin: Pin J5-4
Add Pin To Net: Unknown Pin: Pin J6-2
Add Pin To Net: Unknown Pin: Pin J6-3
Add Pin To Net: Unknown Pin: Pin J6-4
Add Pin To Net: Unknown Pin: Pin JP1-1
Add Pin To Net: Unknown Pin: Pin JP1-2
Add Pin To Net: Unknown Pin: Pin JP1-3
Add Pin To Net: Unknown Pin: Pin L1-1
Add Pin To Net: Unknown Pin: Pin L1-2
Add Pin To Net: Unknown Pin: Pin L2-1
Add Pin To Net: Unknown Pin: Pin L2-2
Add Pin To Net: Unknown Pin: Pin L3-1
Add Pin To Net: Unknown Pin: Pin L3-2
Add Pin To Net: Unknown Pin: Pin L4-1
Add Pin To Net: Unknown Pin: Pin L4-2
Add Pin To Net: Unknown Pin: Pin L5-1
Add Pin To Net: Unknown Pin: Pin L5-2
Add Pin To Net: Unknown Pin: Pin L6-1
Add Pin To Net: Unknown Pin: Pin L6-2
Add Pin To Net: Unknown Pin: Pin L7-1
Add Pin To Net: Unknown Pin: Pin L7-2
Add Pin To Net: Unknown Pin: Pin LED1-1
Add Pin To Net: Unknown Pin: Pin LED1-2
Add Pin To Net: Unknown Pin: Pin LED2-1
Add Pin To Net: Unknown Pin: Pin LED2-2
Add Pin To Net: Unknown Pin: Pin LED3-1
Add Pin To Net: Unknown Pin: Pin LED3-2
Add Pin To Net: Unknown Pin: Pin Q3-1
Add Pin To Net: Unknown Pin: Pin Q3-2
Add Pin To Net: Unknown Pin: Pin Q3-3
Add Pin To Net: Unknown Pin: Pin U1-1
Add Pin To Net: Unknown Pin: Pin U1-2
Add Pin To Net: Unknown Pin: Pin U1-3
Add Pin To Net: Unknown Pin: Pin U1-4
Add Pin To Net: Unknown Pin: Pin U1-5
Add Pin To Net: Unknown Pin: Pin U1-6
Add Pin To Net: Unknown Pin: Pin U2-1
Add Pin To Net: Unknown Pin: Pin U2-2
Add Pin To Net: Unknown Pin: Pin U2-3
Add Pin To Net: Unknown Pin: Pin U2-4
Add Pin To Net: Unknown Pin: Pin U2-5
Add Pin To Net: Unknown Pin: Pin U2-9
Add Pin To Net: Unknown Pin: Pin U2-10
Add Pin To Net: Unknown Pin: Pin U2-11
Add Pin To Net: Unknown Pin: Pin U2-12
Add Pin To Net: Unknown Pin: Pin U2-13
Add Pin To Net: Unknown Pin: Pin U2-14
Add Pin To Net: Unknown Pin: Pin U2-15
Add Pin To Net: Unknown Pin: Pin U2-16
Add Pin To Net: Unknown Pin: Pin U3-1
Add Pin To Net: Unknown Pin: Pin U3-2
Add Pin To Net: Unknown Pin: Pin U3-3
Add Pin To Net: Unknown Pin: Pin U3-4
Add Pin To Net: Unknown Pin: Pin U3-5
Add Pin To Net: Unknown Pin: Pin U3-6
Add Pin To Net: Unknown Pin: Pin U3-7
Add Pin To Net: Unknown Pin: Pin U3-8
Add Pin To Net: Unknown Pin: Pin U5-1
Add Pin To Net: Unknown Pin: Pin U5-2
Add Pin To Net: Unknown Pin: Pin U5-3
Add Pin To Net: Unknown Pin: Pin U5-4
Add Pin To Net: Unknown Pin: Pin U5-5
Add Pin To Net: Unknown Pin: Pin U5-6
Add Pin To Net: Unknown Pin: Pin U6-1
Add Pin To Net: Unknown Pin: Pin U6-2
Add Pin To Net: Unknown Pin: Pin U6-3
Add Pin To Net: Unknown Pin: Pin U6-4
Add Pin To Net: Unknown Pin: Pin U6-A1B12
Add Pin To Net: Unknown Pin: Pin U6-A4B9
Add Pin To Net: Unknown Pin: Pin U6-A6
Add Pin To Net: Unknown Pin: Pin U6-A7
Add Pin To Net: Unknown Pin: Pin U6-B1A12
Add Pin To Net: Unknown Pin: Pin U6-B4A9
Add Pin To Net: Unknown Pin: Pin U6-B6
Add Pin To Net: Unknown Pin: Pin X1-1
Add Pin To Net: Unknown Pin: Pin X1-2
Add Pin To Net: Unknown Pin: Pin X1-3
Add Pin To Net: Unknown Pin: Pin X1-4
Add Pin To Net: Unknown Pin: Pin X2-1
Add Pin To Net: Unknown Pin: Pin X2-2
Add Pin To Net: Unknown Pin: Pin X2-3
Add Pin To Net: Unknown Pin: Pin X2-4
Change Net Name : Old Net Name=3V3_MCU New Net Name=GND
Added Pin To Net: NetName=3V3_MCU Pin=C31-2
Added Pin To Net: NetName=3V3_MCU Pin=C32-2
Added Pin To Net: NetName=3V3_MCU Pin=C33-2
Added Pin To Net: NetName=3V3_MCU Pin=C34-2
Added Pin To Net: NetName=3V3_MCU Pin=C35-2
Added Pin To Net: NetName=3V3_MCU Pin=C36-2
Added Pin To Net: NetName=3V3_MCU Pin=C37-2
Added Pin To Net: NetName=3V3_MCU Pin=C40-1
Added Pin To Net: NetName=3V3_MCU Pin=R25-2
Added Pin To Net: NetName=3V3_MCU Pin=R27-2
Added Pin To Net: NetName=3V3_MCU Pin=U8-1
Added Pin To Net: NetName=3V3_MCU Pin=U8-13
Added Pin To Net: NetName=3V3_MCU Pin=U8-19
Added Pin To Net: NetName=3V3_MCU Pin=U8-32
Added Pin To Net: NetName=3V3_MCU Pin=U8-48
Added Pin To Net: NetName=3V3_MCU Pin=U8-64
Added Net: Name=3V3_MCU
Add Class Member: Failed to add class member : Component J5 CON4
Add Class Member: Failed to add class member : Component J6 CON4
Add Class Member: Failed to add class member : Component JP1 ĚěĎß˝ÓżÚ
Add Class Member: Failed to add class member : Component L1 6.8uH
Add Class Member: Failed to add class member : Component L2
Add Class Member: Failed to add class member : Component L3
Add Class Member: Failed to add class member : Component L4
Add Class Member: Failed to add class member : Component L5
Add Class Member: Failed to add class member : Component L6
Add Class Member: Failed to add class member : Component L7 10uH
Add Class Member: Failed to add class member : Component LED1 şěÉ«
Add Class Member: Failed to add class member : Component LED2 °×É«
Add Class Member: Failed to add class member : Component LED3 ÂĚÉ«
Add Class Member: Failed to add class member : Component Q3 2N7002
Add Class Member: Failed to add class member : Component U1 ME3116
Add Class Member: Failed to add class member : Component U2 ICM-20602
Add Class Member: Failed to add class member : Component U3 BMP280
Add Class Member: Failed to add class member : Component U5 PE4259-63
Add Class Member: Failed to add class member : Component U6 GT-USB-7010ASV
Add Class Member: Failed to add class member : Component X1 32M
Add Class Member: Failed to add class member : Component X2 8M
