Removed Pin From Net: NetName=GND Pin=C14-1
Removed Pin From Net: NetName=GND Pin=C15-1
Removed Pin From Net: NetName=GND Pin=C17-2
Removed Pin From Net: NetName=GND Pin=C18-2
Removed Pin From Net: NetName=GND Pin=C19-2
Removed Pin From Net: NetName=3V3_Lora Pin=C20-1
Removed Pin From Net: NetName=GND Pin=C20-2
Removed Pin From Net: NetName=GND Pin=C25-1
Removed Pin From Net: NetName=GND Pin=C26-2
Removed Pin From Net: NetName=GND Pin=C27-1
Removed Pin From Net: NetName=GND Pin=C28-1
Removed Pin From Net: NetName=GND Pin=C29-1
Removed Pin From Net: NetName=3V3_Lora Pin=C29-2
Removed Pin From Net: NetName=3V3 Pin=R17-1
Removed Pin From Net: NetName=3V3_Lora Pin=R17-2
Removed Pin From Net: NetName=3V3_Lora Pin=U4-1
Removed Pin From Net: NetName=GND Pin=U4-2
Removed Pin From Net: NetName=GND Pin=U4-5
Removed Pin From Net: NetName=GND Pin=U4-8
Removed Pin From Net: NetName=3V3_Lora Pin=U4-10
Removed Pin From Net: NetName=3V3_Lora Pin=U4-11
Removed Pin From Net: NetName=SPI2_MISO Pin=U4-16
Removed Pin From Net: NetName=SPI2_MOSI Pin=U4-17
Removed Pin From Net: NetName=SPI2_SCK Pin=U4-18
Removed Pin From Net: NetName=LoRa_CS Pin=U4-19
Removed Pin From Net: NetName=GND Pin=U4-20
Removed Pin From Net: NetName=GND Pin=U4-21
Removed Pin From Net: NetName=GND Pin=U4-25
Removed Pin From Net: NetName=GND Pin=X1-2
Removed Pin From Net: NetName=GND Pin=X1-4
Removed Member From Class: ClassName=COMMUNICATION Member=C14
Removed Member From Class: ClassName=COMMUNICATION Member=C15
Removed Member From Class: ClassName=COMMUNICATION Member=C16
Removed Member From Class: ClassName=COMMUNICATION Member=C17
Removed Member From Class: ClassName=COMMUNICATION Member=C18
Removed Member From Class: ClassName=COMMUNICATION Member=C19
Removed Member From Class: ClassName=COMMUNICATION Member=C20
Removed Member From Class: ClassName=COMMUNICATION Member=C21
Removed Member From Class: ClassName=COMMUNICATION Member=C22
Removed Member From Class: ClassName=COMMUNICATION Member=C23
Removed Member From Class: ClassName=COMMUNICATION Member=C24
Removed Member From Class: ClassName=COMMUNICATION Member=C25
Removed Member From Class: ClassName=COMMUNICATION Member=C26
Removed Member From Class: ClassName=COMMUNICATION Member=C27
Removed Member From Class: ClassName=COMMUNICATION Member=C28
Removed Member From Class: ClassName=COMMUNICATION Member=C29
Removed Member From Class: ClassName=COMMUNICATION Member=L2
Removed Member From Class: ClassName=COMMUNICATION Member=L3
Removed Member From Class: ClassName=COMMUNICATION Member=L4
Removed Member From Class: ClassName=COMMUNICATION Member=L5
Removed Member From Class: ClassName=COMMUNICATION Member=L6
Removed Member From Class: ClassName=COMMUNICATION Member=L7
Removed Member From Class: ClassName=COMMUNICATION Member=R17
Removed Member From Class: ClassName=COMMUNICATION Member=R18
Removed Member From Class: ClassName=COMMUNICATION Member=R19
Removed Member From Class: ClassName=COMMUNICATION Member=U4
Removed Member From Class: ClassName=COMMUNICATION Member=X1
Change Component Designator: OldDesignator=R26 NewDesignator=R36
Change Component Designator: OldDesignator=R27 NewDesignator=R37
Change Component Designator: OldDesignator=R28 NewDesignator=R38
Added Component: Designator=R26(R 0603_L)
Add component (AddParameter): Name = "BOMУћГЦ"; Value = "ЬљЦЌЕчзш"; VariantName = "[No Variations]"
Add component (AddParameter): Name = "бЇЯАзЪдД"; Value = "www.ooocke.com"; VariantName = "[No Variations]"
Add component (AddParameter): Name = "АцШЈЙщЪє"; Value = "дДДДПЭ"; VariantName = "[No Variations]"
Added Component: Designator=R27(R 0603_L)
Add component (AddParameter): Name = "BOMУћГЦ"; Value = "ЬљЦЌЕчзш"; VariantName = "[No Variations]"
Add component (AddParameter): Name = "бЇЯАзЪдД"; Value = "www.ooocke.com"; VariantName = "[No Variations]"
Add component (AddParameter): Name = "АцШЈЙщЪє"; Value = "дДДДПЭ"; VariantName = "[No Variations]"
Added Component: Designator=R28(R 0603_L)
Add component (AddParameter): Name = "BOMУћГЦ"; Value = "ЬљЦЌЕчзш"; VariantName = "[No Variations]"
Add component (AddParameter): Name = "бЇЯАзЪдД"; Value = "www.ooocke.com"; VariantName = "[No Variations]"
Add component (AddParameter): Name = "АцШЈЙщЪє"; Value = "дДДДПЭ"; VariantName = "[No Variations]"
Added Component: Designator=R29(R 0603_L)
Add component (AddParameter): Name = "BOMУћГЦ"; Value = "ЬљЦЌЕчзш"; VariantName = "[No Variations]"
Add component (AddParameter): Name = "бЇЯАзЪдД"; Value = "www.ooocke.com"; VariantName = "[No Variations]"
Add component (AddParameter): Name = "АцШЈЙщЪє"; Value = "дДДДПЭ"; VariantName = "[No Variations]"
Added Component: Designator=R30(R 0603_L)
Add component (AddParameter): Name = "BOMУћГЦ"; Value = "ЬљЦЌЕчзш"; VariantName = "[No Variations]"
Add component (AddParameter): Name = "бЇЯАзЪдД"; Value = "www.ooocke.com"; VariantName = "[No Variations]"
Add component (AddParameter): Name = "АцШЈЙщЪє"; Value = "дДДДПЭ"; VariantName = "[No Variations]"
Added Component: Designator=R31(R 0603_L)
Add component (AddParameter): Name = "BOMУћГЦ"; Value = "ЬљЦЌЕчзш"; VariantName = "[No Variations]"
Add component (AddParameter): Name = "бЇЯАзЪдД"; Value = "www.ooocke.com"; VariantName = "[No Variations]"
Add component (AddParameter): Name = "АцШЈЙщЪє"; Value = "дДДДПЭ"; VariantName = "[No Variations]"
Added Component: Designator=R32(R 0603_L)
Add component (AddParameter): Name = "BOMУћГЦ"; Value = "ЬљЦЌЕчзш"; VariantName = "[No Variations]"
Add component (AddParameter): Name = "бЇЯАзЪдД"; Value = "www.ooocke.com"; VariantName = "[No Variations]"
Add component (AddParameter): Name = "АцШЈЙщЪє"; Value = "дДДДПЭ"; VariantName = "[No Variations]"
Added Component: Designator=R33(R 0603_L)
Add component (AddParameter): Name = "BOMУћГЦ"; Value = "ЬљЦЌЕчзш"; VariantName = "[No Variations]"
Add component (AddParameter): Name = "бЇЯАзЪдД"; Value = "www.ooocke.com"; VariantName = "[No Variations]"
Add component (AddParameter): Name = "АцШЈЙщЪє"; Value = "дДДДПЭ"; VariantName = "[No Variations]"
Added Component: Designator=R34(R 0603_L)
Add component (AddParameter): Name = "BOMУћГЦ"; Value = "ЬљЦЌЕчзш"; VariantName = "[No Variations]"
Add component (AddParameter): Name = "бЇЯАзЪдД"; Value = "www.ooocke.com"; VariantName = "[No Variations]"
Add component (AddParameter): Name = "АцШЈЙщЪє"; Value = "дДДДПЭ"; VariantName = "[No Variations]"
Added Component: Designator=R35(R 0603_L)
Add component (AddParameter): Name = "BOMУћГЦ"; Value = "ЬљЦЌЕчзш"; VariantName = "[No Variations]"
Add component (AddParameter): Name = "бЇЯАзЪдД"; Value = "www.ooocke.com"; VariantName = "[No Variations]"
Add component (AddParameter): Name = "АцШЈЙщЪє"; Value = "дДДДПЭ"; VariantName = "[No Variations]"
Added Component: Designator=R?(R 0805_L)
Add component (AddParameter): Name = "BOMУћГЦ"; Value = "ЬљЦЌЕчзш"; VariantName = "[No Variations]"
Add component (AddParameter): Name = "бЇЯАзЪдД"; Value = "www.ooocke.com"; VariantName = "[No Variations]"
Add component (AddParameter): Name = "АцШЈЙщЪє"; Value = "дДДДПЭ"; VariantName = "[No Variations]"
Add Component: Footprint Not Found LGA-16_L3.0-W3.0-P0.50-BL
Add Component: Footprint Not Found LGA-8_L2.5-W2.0-P0.65_AMP6127
Add Component: Footprint Not Found USB-C-SMD_G-SWITCH_GT-USB-7010ASV
Added Component: Designator=U?(PCBComponent_1 - duplicate)
Add Pin To Net: Unknown Pin: Pin J5-1
Add Pin To Net: Unknown Pin: Pin J5-2
Add Pin To Net: Unknown Pin: Pin J5-3
Add Pin To Net: Unknown Pin: Pin J5-4
Added Pin To Net: NetName=ICM_CS Pin=R26-1
Added Pin To Net: NetName=SPI1_SCK Pin=R27-1
Added Pin To Net: NetName=SPI1_MISO Pin=R28-1
Added Pin To Net: NetName=SPI1_MOSI Pin=R29-1
Added Pin To Net: NetName=BMP_CS Pin=R31-1
Added Pin To Net: NetName=LoRa_CS Pin=R32-1
Added Pin To Net: NetName=SPI2_SCK Pin=R33-1
Added Pin To Net: NetName=SPI2_MISO Pin=R34-1
Added Pin To Net: NetName=SPI2_MOSI Pin=R35-1
Added Pin To Net: NetName=3V3 Pin=R?-1
Added Pin To Net: NetName=3V3_Lora Pin=R?-2
Add Pin To Net: Unknown Pin: Pin U2-1
Add Pin To Net: Unknown Pin: Pin U2-2
Add Pin To Net: Unknown Pin: Pin U2-3
Add Pin To Net: Unknown Pin: Pin U2-4
Add Pin To Net: Unknown Pin: Pin U2-5
Add Pin To Net: Unknown Pin: Pin U2-9
Add Pin To Net: Unknown Pin: Pin U2-10
Add Pin To Net: Unknown Pin: Pin U2-11
Add Pin To Net: Unknown Pin: Pin U2-12
Add Pin To Net: Unknown Pin: Pin U2-13
Add Pin To Net: Unknown Pin: Pin U2-14
Add Pin To Net: Unknown Pin: Pin U2-15
Add Pin To Net: Unknown Pin: Pin U2-16
Add Pin To Net: Unknown Pin: Pin U3-1
Add Pin To Net: Unknown Pin: Pin U3-2
Add Pin To Net: Unknown Pin: Pin U3-3
Add Pin To Net: Unknown Pin: Pin U3-4
Add Pin To Net: Unknown Pin: Pin U3-5
Add Pin To Net: Unknown Pin: Pin U3-6
Add Pin To Net: Unknown Pin: Pin U3-7
Add Pin To Net: Unknown Pin: Pin U3-8
Add Pin To Net: Unknown Pin: Pin U6-1
Add Pin To Net: Unknown Pin: Pin U6-2
Add Pin To Net: Unknown Pin: Pin U6-3
Add Pin To Net: Unknown Pin: Pin U6-4
Add Pin To Net: Unknown Pin: Pin U6-A1B12
Add Pin To Net: Unknown Pin: Pin U6-A4B9
Add Pin To Net: Unknown Pin: Pin U6-A6
Add Pin To Net: Unknown Pin: Pin U6-A7
Add Pin To Net: Unknown Pin: Pin U6-B1A12
Add Pin To Net: Unknown Pin: Pin U6-B4A9
Add Pin To Net: Unknown Pin: Pin U6-B6
Change Net Name : Old Net Name=NetR26_1 New Net Name=NetR36_1
Change Net Name : Old Net Name=NetR28_1 New Net Name=NetR38_1
Added Pin To Net: NetName=NetR30_1 Pin=R30-1
Added Pin To Net: NetName=NetR30_1 Pin=U8-29
Added Net: Name=NetR30_1
Add Class Member: Failed to add class member : Component J5 CON4
Added Member To Class: ClassName=MCU Member=Component R29
Added Member To Class: ClassName=MCU Member=Component R30
Added Member To Class: ClassName=MCU Member=Component R31
Added Member To Class: ClassName=MCU Member=Component R32
Added Member To Class: ClassName=MCU Member=Component R33
Added Member To Class: ClassName=MCU Member=Component R34
Added Member To Class: ClassName=MCU Member=Component R35
Added Member To Class: ClassName=MCU Member=Component R36 10K
Added Member To Class: ClassName=MCU Member=Component R37 1K
Added Member To Class: ClassName=MCU Member=Component R38
Added Member To Class: ClassName=COMMUNICATION Member=Component R? 600ІИ 100Mhz
Add Class Member: Failed to add class member : Component U2 ICM-20602
Add Class Member: Failed to add class member : Component U3 BMP280
Add Class Member: Failed to add class member : Component U6 GT-USB-7010ASV
Added Member To Class: ClassName=COMMUNICATION Member=Component U?
