Change Component Designator: Old Designator=C31 New Designator=C18
Change Component Designator: Old Designator=C32 New Designator=C19
Change Component Designator: Old Designator=C33 New Designator=C20
Change Component Designator: Old Designator=C34 New Designator=C21
Change Component Designator: Old Designator=C35 New Designator=C22
Change Component Designator: Old Designator=C36 New Designator=C23
Change Component Designator: Old Designator=C37 New Designator=C24
Change Component Designator: Old Designator=C38 New Designator=C25
Change Component Designator: Old Designator=C39 New Designator=C26
Change Component Designator: Old Designator=C40 New Designator=C27
Change Component Designator: Old Designator=C41 New Designator=C28
Change Component Designator: Old Designator=C42 New Designator=C29
Change Component Designator: Old Designator=R25 New Designator=R27
Change Component Designator: Old Designator=R26 New Designator=R31
Change Component Designator: Old Designator=R27 New Designator=R32
Change Component Designator: Old Designator=R28 New Designator=R33
Change Component Designator: Old Designator=R29 New Designator=R34
Change Component Designator: Old Designator=R32 New Designator=R40
Change Component Designator: Old Designator=R33 New Designator=R41
Change Component Designator: Old Designator=R34 New Designator=R42
Change Component Designator: Old Designator=R35 New Designator=R43
Change Component Designator: Old Designator=R36 New Designator=R44
Change Component Designator: Old Designator=R37 New Designator=R45
Change Component Designator: Old Designator=R38 New Designator=R46
Change Component Designator: Old Designator=R? New Designator=R28
Change Component Designator: Old Designator=R? New Designator=R29
Change Component Designator: Old Designator=R? New Designator=R30
Change Component Designator: Old Designator=R? New Designator=R35
Change Component Designator: Old Designator=R? New Designator=R36
Change Component Designator: Old Designator=R? New Designator=R37
Change Component Designator: Old Designator=R? New Designator=R38
Change Component Designator: Old Designator=R? New Designator=R39
Change Component Designator: Old Designator=U8 New Designator=U7
Change Component Designator: Old Designator=U8 New Designator=U7
Change Component Designator: Old Designator=X2 New Designator=X1
