Removed Pin From Net: NetName=CH1 Pin=J?-2
Added Component: Designator=R?(R 0603_L)
Add component (AddParameter): Name = "BOMУћГЦ"; Value = "ЬљЦЌЕчзш"; VariantName = "[No Variations]"
Add component (AddParameter): Name = "бЇЯАзЪдД"; Value = "www.ooocke.com"; VariantName = "[No Variations]"
Add component (AddParameter): Name = "АцШЈЙщЪє"; Value = "дДДДПЭ"; VariantName = "[No Variations]"
Added Pin To Net: NetName=CH1 Pin=R?-2
Add Net: Net with name "NetC?_2" already exists
Added Pin To Net: NetName=NetJ?_2 Pin=J?-2
Added Pin To Net: NetName=NetJ?_2 Pin=R?-1
Added Net: Name=NetJ?_2
Add Net: Net with name "NetR?_1" already exists
Add Net: Net with name "NetR?_1" already exists
Add Net: Net with name "NetR?_1" already exists
Added Pin To Net: NetName=NetSW?_1 Pin=SW?-1
Added Pin To Net: NetName=NetSW?_1 Pin=SW?-4
Added Net: Name=NetSW?_1
Add Net: Net with name "NetSW?_1" already exists
Add Net: Net with name "NetSW?_1" already exists
Add Net: Net with name "NetSW?_1" already exists
Add Net: Net with name "NetSW?_1" already exists
Add Net: Net with name "NetSW?_1" already exists
Add Net: Net with name "NetSW?_1" already exists
Add Net: Net with name "NetSW?_1" already exists
Added Pin To Net: NetName=NetSW?_2 Pin=SW?-2
Added Pin To Net: NetName=NetSW?_2 Pin=SW?-3
Added Net: Name=NetSW?_2
Add Net: Net with name "NetSW?_2" already exists
Add Net: Net with name "NetSW?_2" already exists
Add Net: Net with name "NetSW?_2" already exists
Add Net: Net with name "NetSW?_2" already exists
Add Net: Net with name "NetSW?_2" already exists
Add Net: Net with name "NetSW?_2" already exists
Add Net: Net with name "NetSW?_2" already exists
Added Member To Class: ClassName=MCU Member=Component C? 100nF
Added Member To Class: ClassName=MCU Member=Component C? 22pF
Added Member To Class: ClassName=MCU Member=Component C? 100nF
Added Member To Class: ClassName=MCU Member=Component C? 22pF
Added Member To Class: ClassName=MCU Member=Component C? 100nF
Added Member To Class: ClassName=MCU Member=Component C? 100nF
Added Member To Class: ClassName=MCU Member=Component C? 4.7uF
Added Member To Class: ClassName=MCU Member=Component JP? HDR-1X4
Added Member To Class: ClassName=INPUT Member=Component R?
Added Member To Class: ClassName=MCU Member=Component R? 47R
Added Member To Class: ClassName=MCU Member=Component R? 10K
Added Member To Class: ClassName=MCU Member=Component R? NC
Added Member To Class: ClassName=MCU Member=Component R? 10K
Added Member To Class: ClassName=MCU Member=Component R? 47R
Added Member To Class: ClassName=INPUT Member=Component SW? 6x6x5
Added Member To Class: ClassName=INPUT Member=Component SW? 6x6x5
Added Member To Class: ClassName=INPUT Member=Component SW? 6x6x5
Added Member To Class: ClassName=INPUT Member=Component SW? 6x6x5
Added Member To Class: ClassName=INPUT Member=Component SW? 6x6x5
Added Member To Class: ClassName=INPUT Member=Component SW? 6x6x5
Added Member To Class: ClassName=INPUT Member=Component SW? 6x6x5
