Removed Member From Class: ClassName=INPUT Member=R?
Change Component Designator: OldDesignator=C17 NewDesignator=C21
Change Component Designator: OldDesignator=C18 NewDesignator=C26
Change Component Designator: OldDesignator=C19 NewDesignator=C27
Change Component Designator: OldDesignator=C20 NewDesignator=C28
Change Component Designator: OldDesignator=C21 NewDesignator=C29
Change Component Designator: OldDesignator=C22 NewDesignator=C30
Change Component Designator: OldDesignator=C23 NewDesignator=C31
Change Component Designator: OldDesignator=C24 NewDesignator=C32
Change Component Designator: OldDesignator=C25 NewDesignator=C33
Change Component Designator: OldDesignator=C26 NewDesignator=C34
Change Component Designator: OldDesignator=C27 NewDesignator=C35
Change Component Designator: OldDesignator=C28 NewDesignator=C36
Change Component Designator: OldDesignator=C29 NewDesignator=C37
Change Component Designator: OldDesignator=C30 NewDesignator=C38
Change Component Designator: OldDesignator=C? NewDesignator=C17
Change Component Designator: OldDesignator=C? NewDesignator=C18
Change Component Designator: OldDesignator=C? NewDesignator=C19
Change Component Designator: OldDesignator=C? NewDesignator=C20
Change Component Designator: OldDesignator=C? NewDesignator=C22
Change Component Designator: OldDesignator=C? NewDesignator=C23
Change Component Designator: OldDesignator=C? NewDesignator=C24
Change Component Designator: OldDesignator=C? NewDesignator=C25
Change Component Designator: OldDesignator=J5 NewDesignator=TJ1
Change Component Designator: OldDesignator=J6 NewDesignator=J5
Change Component Designator: OldDesignator=J7 NewDesignator=J6
Change Component Designator: OldDesignator=J8 NewDesignator=J7
Change Component Designator: OldDesignator=J9 NewDesignator=J8
Change Component Designator: OldDesignator=J10 NewDesignator=J9
Change Component Designator: OldDesignator=J11 NewDesignator=J10
Change Component Designator: OldDesignator=J12 NewDesignator=J11
Change Component Designator: OldDesignator=J13 NewDesignator=J16
Change Component Designator: OldDesignator=J? NewDesignator=J12
Change Component Designator: OldDesignator=J? NewDesignator=J13
Change Component Designator: OldDesignator=J? NewDesignator=J14
Change Component Designator: OldDesignator=J? NewDesignator=J15
Change Component Designator: OldDesignator=J? NewDesignator=TJ2
Change Component Designator: OldDesignator=J? NewDesignator=TJ3
Change Component Designator: OldDesignator=J? NewDesignator=TJ4
Change Component Designator: OldDesignator=R19 NewDesignator=R23
Change Component Designator: OldDesignator=R20 NewDesignator=R24
Change Component Designator: OldDesignator=R21 NewDesignator=R25
Change Component Designator: OldDesignator=R22 NewDesignator=R26
Change Component Designator: OldDesignator=R23 NewDesignator=R27
Change Component Designator: OldDesignator=R24 NewDesignator=R28
Change Component Designator: OldDesignator=R25 NewDesignator=R29
Change Component Designator: OldDesignator=R26 NewDesignator=R30
Change Component Designator: OldDesignator=R27 NewDesignator=R31
Change Component Designator: OldDesignator=R28 NewDesignator=R32
Change Component Designator: OldDesignator=R29 NewDesignator=R33
Change Component Designator: OldDesignator=R30 NewDesignator=R34
Change Component Designator: OldDesignator=R31 NewDesignator=R35
Change Component Designator: OldDesignator=R32 NewDesignator=R36
Change Component Designator: OldDesignator=R33 NewDesignator=R37
Change Component Designator: OldDesignator=R34 NewDesignator=R38
Change Component Designator: OldDesignator=R35 NewDesignator=R39
Change Component Designator: OldDesignator=R36 NewDesignator=R40
Change Component Designator: OldDesignator=R? NewDesignator=R19
Change Component Designator: OldDesignator=R? NewDesignator=R20
Change Component Designator: OldDesignator=R? NewDesignator=R21
Change Component Designator: OldDesignator=R? NewDesignator=R22
Add Component: Footprint Not Found bell
Add Pin To Net: Unknown Pin: Pin b1-1
Add Pin To Net: Unknown Pin: Pin b1-2
Change Net Name : Old Net Name=NetC19_2 New Net Name=NetC27_2
Change Net Name : Old Net Name=NetC22_2 New Net Name=NetC30_2
Change Net Name : Old Net Name=NetC23_1 New Net Name=NetC31_1
Change Net Name : Old Net Name=NetC24_2 New Net Name=NetC32_2
Change Net Name : Old Net Name=NetC25_1 New Net Name=NetC33_1
Change Net Name : Old Net Name=NetC25_2 New Net Name=NetC33_2
Change Net Name : Old Net Name=NetC26_1 New Net Name=NetC34_1
Change Net Name : Old Net Name=NetJ5_2 New Net Name=NetR19_1
Change Net Name : Old Net Name=NetJ?_2 New Net Name=NetR22_1
Change Net Name : Old Net Name=NetR22_2 New Net Name=NetR26_2
Change Net Name : Old Net Name=NetR23_2 New Net Name=NetR27_2
Change Net Name : Old Net Name=NetR24_1 New Net Name=NetR28_1
Change Net Name : Old Net Name=NetR25_2 New Net Name=NetR29_2
Change Net Name : Old Net Name=NetR26_1 New Net Name=NetR30_1
Change Net Name : Old Net Name=NetR27_2 New Net Name=NetR31_2
Change Net Name : Old Net Name=NetR29_1 New Net Name=NetR33_1
Change Net Name : Old Net Name=NetR35_2 New Net Name=NetR39_2
Added Pin To Net: NetName=NetR20_1 Pin=R20-1
Added Pin To Net: NetName=NetR20_1 Pin=TJ2-2
Added Net: Name=NetR20_1
Added Pin To Net: NetName=NetR21_1 Pin=R21-1
Added Pin To Net: NetName=NetR21_1 Pin=TJ3-2
Added Net: Name=NetR21_1
Add Class Member: Failed to add class member : Component b1 BELL
Added Member To Class: ClassName=INPUT Member=Component C19 100nF
Added Member To Class: ClassName=INPUT Member=Component C21 100nF
Added Member To Class: ClassName=INPUT Member=Component C22 100nF
Added Member To Class: ClassName=INPUT Member=Component C23 100nF
Added Member To Class: ClassName=INPUT Member=Component C24 100nF
Added Member To Class: ClassName=INPUT Member=Component C25 100nF
Added Member To Class: ClassName=INPUT Member=Component C26 100nF
Added Member To Class: ClassName=INPUT Member=Component J13 CON1
Added Member To Class: ClassName=INPUT Member=Component J14 CON1
Added Member To Class: ClassName=INPUT Member=Component J15 CON1
Added Member To Class: ClassName=INPUT Member=Component R20
Added Member To Class: ClassName=INPUT Member=Component R21
Added Member To Class: ClassName=INPUT Member=Component R22
Added Member To Class: ClassName=INPUT Member=Component R23 1K
Added Member To Class: ClassName=INPUT Member=Component TJ1 TJC3-3Y
Added Member To Class: ClassName=INPUT Member=Component TJ2 TJC3-3Y
Added Member To Class: ClassName=INPUT Member=Component TJ4 TJC3-3Y
