Added Component: Designator=C39(C 0603_L)
Add component (AddParameter): Name = "BOM名称"; Value = "无极性贴片电容"; VariantName = "[No Variations]"
Add component (AddParameter): Name = "学习资源"; Value = "www.ooocke.com"; VariantName = "[No Variations]"
Add component (AddParameter): Name = "版权归属"; Value = "源创客"; VariantName = "[No Variations]"
Added Component: Designator=R46(R 0603_L)
Add component (AddParameter): Name = "BOM名称"; Value = "贴片电阻"; VariantName = "[No Variations]"
Add component (AddParameter): Name = "学习资源"; Value = "www.ooocke.com"; VariantName = "[No Variations]"
Add component (AddParameter): Name = "版权归属"; Value = "源创客"; VariantName = "[No Variations]"
Added Component: Designator=SW9(TSW SMD-6*6*5-L)
Add component (AddParameter): Name = "BOM名称"; Value = "贴片6x6轻触开关"; VariantName = "[No Variations]"
Add component (AddParameter): Name = "学习资源"; Value = "www.ooocke.com"; VariantName = "[No Variations]"
Add component (AddParameter): Name = "版权归属"; Value = "源创客"; VariantName = "[No Variations]"
Added Pin To Net: NetName=GND Pin=C39-2
Added Pin To Net: NetName=GND Pin=R46-1
Added Pin To Net: NetName=3v3 Pin=SW9-1
Added Pin To Net: NetName=3v3 Pin=SW9-4
Added Pin To Net: NetName=NetC39_1 Pin=C39-1
Added Pin To Net: NetName=NetC39_1 Pin=R46-2
Added Pin To Net: NetName=NetC39_1 Pin=SW9-2
Added Pin To Net: NetName=NetC39_1 Pin=SW9-3
Added Net: Name=NetC39_1
Added Member To Class: ClassName=POWER Member=Component C39 100nF
Added Member To Class: ClassName=POWER Member=Component R46 10K
Added Member To Class: ClassName=POWER Member=Component SW9 6x6x5
