Removed Pin From Net: NetName=GND Pin=C30-1
Removed Pin From Net: NetName=GND Pin=C31-2
Removed Pin From Net: NetName=5V Pin=D2-2
Removed Pin From Net: NetName=GND Pin=D3-3
Removed Pin From Net: NetName=GND Pin=DZ1-1
Removed Pin From Net: NetName=GND Pin=J17-4
Removed Pin From Net: NetName=5V Pin=R37-2
Removed Pin From Net: NetName=GND Pin=U3-1
Removed Pin From Net: NetName=GND Pin=U3-2
Removed Pin From Net: NetName=GND Pin=U3-3
Removed Pin From Net: NetName=GND Pin=U3-4
Removed Pin From Net: NetName=GND Pin=U3-A1B12
Removed Pin From Net: NetName=GND Pin=U3-B1A12
Removed Pin From Net: NetName=GND Pin=U4-3
Removed Member From Class: ClassName=COMMUNICATION Member=C30
Removed Member From Class: ClassName=COMMUNICATION Member=C31
Removed Member From Class: ClassName=COMMUNICATION Member=D2
Removed Member From Class: ClassName=COMMUNICATION Member=D3
Removed Member From Class: ClassName=COMMUNICATION Member=DZ1
Removed Member From Class: ClassName=COMMUNICATION Member=J17
Removed Member From Class: ClassName=COMMUNICATION Member=R34
Removed Member From Class: ClassName=COMMUNICATION Member=R35
Removed Member From Class: ClassName=COMMUNICATION Member=R36
Removed Member From Class: ClassName=COMMUNICATION Member=R37
Removed Member From Class: ClassName=COMMUNICATION Member=R38
Removed Member From Class: ClassName=COMMUNICATION Member=U3
Removed Member From Class: ClassName=COMMUNICATION Member=U4
